<?xml version="1.0" encoding="UTF-8"?>
<testsuite xmlns:xsi="http://www.w3.org/2001/XMLSchema-instance" xsi:noNamespaceSchemaLocation="https://maven.apache.org/surefire/maven-surefire-plugin/xsd/surefire-test-report.xsd" name="kas.concurrente.LockTest" time="138.693" tests="6" errors="0" skipped="0" failures="3">
  <properties>
[...]
</properties>
  <testcase name="tasLock" classname="kas.concurrente.LockTest" time="55.137"/>
  <testcase name="ttasLock" classname="kas.concurrente.LockTest" time="76.647"/>
  <testcase name="backoffLock" classname="kas.concurrente.LockTest" time="6.874"/>
  <testcase name="aLock" classname="kas.concurrente.LockTest" time="0.017">
    <failure message="expected: &lt;1000000&gt; but was: &lt;0&gt;" type="org.opentest4j.AssertionFailedError"><![CDATA[org.opentest4j.AssertionFailedError: expected: <1000000> but was: <0>
	at kas.concurrente.LockTest.ejecutaPrueba(LockTest.java:49)
	at kas.concurrente.LockTest.aLock(LockTest.java:83)
]]></failure>
    <system-err><![CDATA[Exception in thread "Thread-7650" Exception in thread "Thread-7653" Exception in thread "Thread-7652" Exception in thread "Thread-7654" java.lang.UnsupportedOperationException: Unimplemented method 'lock'
	at kas.concurrente.ALock.lock(ALock.java:14)
	at kas.concurrente.Counter.getAndIncrement(LockTest.java:106)
	at kas.concurrente.LockTest.incrementaContador(LockTest.java:22)
	at kas.concurrente.LockTest.lambda$0(LockTest.java:38)
	at java.base/java.lang.Thread.run(Thread.java:1623)
Exception in thread "Thread-7651" java.lang.UnsupportedOperationException: Unimplemented method 'lock'
	at kas.concurrente.ALock.lock(ALock.java:14)
	at kas.concurrente.Counter.getAndIncrement(LockTest.java:106)
	at kas.concurrente.LockTest.incrementaContador(LockTest.java:22)
	at kas.concurrente.LockTest.lambda$0(LockTest.java:38)
	at java.base/java.lang.Thread.run(Thread.java:1623)
Exception in thread "Thread-7673" java.lang.UnsupportedOperationException: Unimplemented method 'lock'
	at kas.concurrente.ALock.lock(ALock.java:14)
	at kas.concurrente.Counter.getAndIncrement(LockTest.java:106)
	at kas.concurrente.LockTest.incrementaContador(LockTest.java:22)
	at kas.concurrente.LockTest.lambda$0(LockTest.java:38)
	at java.base/java.lang.Thread.run(Thread.java:1623)
Exception in thread "Thread-7680" java.lang.UnsupportedOperationException: Unimplemented method 'lock'
	at kas.concurrente.ALock.lock(ALock.java:14)
	at kas.concurrente.Counter.getAndIncrement(LockTest.java:106)
	at kas.concurrente.LockTest.incrementaContador(LockTest.java:22)
	at kas.concurrente.LockTest.lambda$0(LockTest.java:38)
	at java.base/java.lang.Thread.run(Thread.java:1623)
Exception in thread "Thread-7672" java.lang.UnsupportedOperationException: Unimplemented method 'lock'
	at kas.concurrente.ALock.lock(ALock.java:14)
	at kas.concurrente.Counter.getAndIncrement(LockTest.java:106)
	at kas.concurrente.LockTest.incrementaContador(LockTest.java:22)
	at kas.concurrente.LockTest.lambda$0(LockTest.java:38)
	at java.base/java.lang.Thread.run(Thread.java:1623)
Exception in thread "Thread-7687" java.lang.UnsupportedOperationException: Unimplemented method 'lock'
	at kas.concurrente.ALock.lock(ALock.java:14)
	at kas.concurrente.Counter.getAndIncrement(LockTest.java:106)
	at kas.concurrente.LockTest.incrementaContador(LockTest.java:22)
	at kas.concurrente.LockTest.lambda$0(LockTest.java:38)
	at java.base/java.lang.Thread.run(Thread.java:1623)
Exception in thread "Thread-7671" Exception in thread "Thread-7691" java.lang.UnsupportedOperationException: Unimplemented method 'lock'
	at kas.concurrente.ALock.lock(ALock.java:14)
	at kas.concurrente.Counter.getAndIncrement(LockTest.java:106)
	at kas.concurrente.LockTest.incrementaContador(LockTest.java:22)
	at kas.concurrente.LockTest.lambda$0(LockTest.java:38)
	at java.base/java.lang.Thread.run(Thread.java:1623)
Exception in thread "Thread-7695" java.lang.UnsupportedOperationException: Unimplemented method 'lock'
	at kas.concurrente.ALock.lock(ALock.java:14)
	at kas.concurrente.Counter.getAndIncrement(LockTest.java:106)
	at kas.concurrente.LockTest.incrementaContador(LockTest.java:22)
	at kas.concurrente.LockTest.lambda$0(LockTest.java:38)
	at java.base/java.lang.Thread.run(Thread.java:1623)
Exception in thread "Thread-7670" java.lang.UnsupportedOperationException: Unimplemented method 'lock'
	at kas.concurrente.ALock.lock(ALock.java:14)
	at kas.concurrente.Counter.getAndIncrement(LockTest.java:106)
	at kas.concurrente.LockTest.incrementaContador(LockTest.java:22)
	at kas.concurrente.LockTest.lambda$0(LockTest.java:38)
	at java.base/java.lang.Thread.run(Thread.java:1623)
Exception in thread "Thread-7669" java.lang.UnsupportedOperationException: Unimplemented method 'lock'
	at kas.concurrente.ALock.lock(ALock.java:14)
	at kas.concurrente.Counter.getAndIncrement(LockTest.java:106)
	at kas.concurrente.LockTest.incrementaContador(LockTest.java:22)
	at kas.concurrente.LockTest.lambda$0(LockTest.java:38)
	at java.base/java.lang.Thread.run(Thread.java:1623)
Exception in thread "Thread-7668" java.lang.UnsupportedOperationException: Unimplemented method 'lock'
	at kas.concurrente.ALock.lock(ALock.java:14)
	at kas.concurrente.Counter.getAndIncrement(LockTest.java:106)
	at kas.concurrente.LockTest.incrementaContador(LockTest.java:22)
	at kas.concurrente.LockTest.lambda$0(LockTest.java:38)
	at java.base/java.lang.Thread.run(Thread.java:1623)
Exception in thread "Thread-7667" java.lang.UnsupportedOperationException: Unimplemented method 'lock'
	at kas.concurrente.ALock.lock(ALock.java:14)
	at kas.concurrente.Counter.getAndIncrement(LockTest.java:106)
	at kas.concurrente.LockTest.incrementaContador(LockTest.java:22)
	at kas.concurrente.LockTest.lambda$0(LockTest.java:38)
	at java.base/java.lang.Thread.run(Thread.java:1623)
Exception in thread "Thread-7666" java.lang.UnsupportedOperationException: Unimplemented method 'lock'
	at kas.concurrente.ALock.lock(ALock.java:14)
	at kas.concurrente.Counter.getAndIncrement(LockTest.java:106)
	at kas.concurrente.LockTest.incrementaContador(LockTest.java:22)
	at kas.concurrente.LockTest.lambda$0(LockTest.java:38)
	at java.base/java.lang.Thread.run(Thread.java:1623)
Exception in thread "Thread-7665" java.lang.UnsupportedOperationException: Unimplemented method 'lock'
	at kas.concurrente.ALock.lock(ALock.java:14)
	at kas.concurrente.Counter.getAndIncrement(LockTest.java:106)
	at kas.concurrente.LockTest.incrementaContador(LockTest.java:22)
	at kas.concurrente.LockTest.lambda$0(LockTest.java:38)
	at java.base/java.lang.Thread.run(Thread.java:1623)
Exception in thread "Thread-7664" java.lang.UnsupportedOperationException: Unimplemented method 'lock'
	at kas.concurrente.ALock.lock(ALock.java:14)
	at kas.concurrente.Counter.getAndIncrement(LockTest.java:106)
	at kas.concurrente.LockTest.incrementaContador(LockTest.java:22)
	at kas.concurrente.LockTest.lambda$0(LockTest.java:38)
	at java.base/java.lang.Thread.run(Thread.java:1623)
Exception in thread "Thread-7663" java.lang.UnsupportedOperationException: Unimplemented method 'lock'
	at kas.concurrente.ALock.lock(ALock.java:14)
	at kas.concurrente.Counter.getAndIncrement(LockTest.java:106)
	at kas.concurrente.LockTest.incrementaContador(LockTest.java:22)
	at kas.concurrente.LockTest.lambda$0(LockTest.java:38)
	at java.base/java.lang.Thread.run(Thread.java:1623)
Exception in thread "Thread-7661" java.lang.UnsupportedOperationException: Unimplemented method 'lock'
	at kas.concurrente.ALock.lock(ALock.java:14)
	at kas.concurrente.Counter.getAndIncrement(LockTest.java:106)
	at kas.concurrente.LockTest.incrementaContador(LockTest.java:22)
	at kas.concurrente.LockTest.lambda$0(LockTest.java:38)
	at java.base/java.lang.Thread.run(Thread.java:1623)
Exception in thread "Thread-7662" java.lang.UnsupportedOperationException: Unimplemented method 'lock'
	at kas.concurrente.ALock.lock(ALock.java:14)
	at kas.concurrente.Counter.getAndIncrement(LockTest.java:106)
	at kas.concurrente.LockTest.incrementaContador(LockTest.java:22)
	at kas.concurrente.LockTest.lambda$0(LockTest.java:38)
	at java.base/java.lang.Thread.run(Thread.java:1623)
Exception in thread "Thread-7660" java.lang.UnsupportedOperationException: Unimplemented method 'lock'
	at kas.concurrente.ALock.lock(ALock.java:14)
	at kas.concurrente.Counter.getAndIncrement(LockTest.java:106)
	at kas.concurrente.LockTest.incrementaContador(LockTest.java:22)
	at kas.concurrente.LockTest.lambda$0(LockTest.java:38)
	at java.base/java.lang.Thread.run(Thread.java:1623)
Exception in thread "Thread-7659" java.lang.UnsupportedOperationException: Unimplemented method 'lock'
	at kas.concurrente.ALock.lock(ALock.java:14)
	at kas.concurrente.Counter.getAndIncrement(LockTest.java:106)
	at kas.concurrente.LockTest.incrementaContador(LockTest.java:22)
	at kas.concurrente.LockTest.lambda$0(LockTest.java:38)
	at java.base/java.lang.Thread.run(Thread.java:1623)
Exception in thread "Thread-7658" java.lang.UnsupportedOperationException: Unimplemented method 'lock'
	at kas.concurrente.ALock.lock(ALock.java:14)
	at kas.concurrente.Counter.getAndIncrement(LockTest.java:106)
	at kas.concurrente.LockTest.incrementaContador(LockTest.java:22)
	at kas.concurrente.LockTest.lambda$0(LockTest.java:38)
	at java.base/java.lang.Thread.run(Thread.java:1623)
java.lang.UnsupportedOperationException: Unimplemented method 'lock'
	at kas.concurrente.ALock.lock(ALock.java:14)
	at kas.concurrente.Counter.getAndIncrement(LockTest.java:106)
	at kas.concurrente.LockTest.incrementaContador(LockTest.java:22)
	at kas.concurrente.LockTest.lambda$0(LockTest.java:38)
	at java.base/java.lang.Thread.run(Thread.java:1623)
java.lang.UnsupportedOperationException: Unimplemented method 'lock'
	at kas.concurrente.ALock.lock(ALock.java:14)
	at kas.concurrente.Counter.getAndIncrement(LockTest.java:106)
	at kas.concurrente.LockTest.incrementaContador(LockTest.java:22)
	at kas.concurrente.LockTest.lambda$0(LockTest.java:38)
	at java.base/java.lang.Thread.run(Thread.java:1623)
java.lang.UnsupportedOperationException: Unimplemented method 'lock'
	at kas.concurrente.ALock.lock(ALock.java:14)
	at kas.concurrente.Counter.getAndIncrement(LockTest.java:106)
	at kas.concurrente.LockTest.incrementaContador(LockTest.java:22)
	at kas.concurrente.LockTest.lambda$0(LockTest.java:38)
	at java.base/java.lang.Thread.run(Thread.java:1623)
Exception in thread "Thread-7656" java.lang.UnsupportedOperationException: Unimplemented method 'lock'
	at kas.concurrente.ALock.lock(ALock.java:14)
	at kas.concurrente.Counter.getAndIncrement(LockTest.java:106)
	at kas.concurrente.LockTest.incrementaContador(LockTest.java:22)
	at kas.concurrente.LockTest.lambda$0(LockTest.java:38)
	at java.base/java.lang.Thread.run(Thread.java:1623)
Exception in thread "Thread-7657" java.lang.UnsupportedOperationException: Unimplemented method 'lock'
	at kas.concurrente.ALock.lock(ALock.java:14)
	at kas.concurrente.Counter.getAndIncrement(LockTest.java:106)
	at kas.concurrente.LockTest.incrementaContador(LockTest.java:22)
	at kas.concurrente.LockTest.lambda$0(LockTest.java:38)
	at java.base/java.lang.Thread.run(Thread.java:1623)
Exception in thread "Thread-7655" java.lang.UnsupportedOperationException: Unimplemented method 'lock'
	at kas.concurrente.ALock.lock(ALock.java:14)
	at kas.concurrente.Counter.getAndIncrement(LockTest.java:106)
	at kas.concurrente.LockTest.incrementaContador(LockTest.java:22)
	at kas.concurrente.LockTest.lambda$0(LockTest.java:38)
	at java.base/java.lang.Thread.run(Thread.java:1623)
Exception in thread "Thread-7700" java.lang.UnsupportedOperationException: Unimplemented method 'lock'
	at kas.concurrente.ALock.lock(ALock.java:14)
	at kas.concurrente.Counter.getAndIncrement(LockTest.java:106)
	at kas.concurrente.LockTest.incrementaContador(LockTest.java:22)
	at kas.concurrente.LockTest.lambda$0(LockTest.java:38)
	at java.base/java.lang.Thread.run(Thread.java:1623)
Exception in thread "Thread-7699" java.lang.UnsupportedOperationException: Unimplemented method 'lock'
	at kas.concurrente.ALock.lock(ALock.java:14)
	at kas.concurrente.Counter.getAndIncrement(LockTest.java:106)
	at kas.concurrente.LockTest.incrementaContador(LockTest.java:22)
	at kas.concurrente.LockTest.lambda$0(LockTest.java:38)
	at java.base/java.lang.Thread.run(Thread.java:1623)
Exception in thread "Thread-7698" java.lang.UnsupportedOperationException: Unimplemented method 'lock'
	at kas.concurrente.ALock.lock(ALock.java:14)
	at kas.concurrente.Counter.getAndIncrement(LockTest.java:106)
	at kas.concurrente.LockTest.incrementaContador(LockTest.java:22)
	at kas.concurrente.LockTest.lambda$0(LockTest.java:38)
	at java.base/java.lang.Thread.run(Thread.java:1623)
Exception in thread "Thread-7697" java.lang.UnsupportedOperationException: Unimplemented method 'lock'
	at kas.concurrente.ALock.lock(ALock.java:14)
	at kas.concurrente.Counter.getAndIncrement(LockTest.java:106)
	at kas.concurrente.LockTest.incrementaContador(LockTest.java:22)
	at kas.concurrente.LockTest.lambda$0(LockTest.java:38)
	at java.base/java.lang.Thread.run(Thread.java:1623)
Exception in thread "Thread-7696" java.lang.UnsupportedOperationException: Unimplemented method 'lock'
	at kas.concurrente.ALock.lock(ALock.java:14)
	at kas.concurrente.Counter.getAndIncrement(LockTest.java:106)
	at kas.concurrente.LockTest.incrementaContador(LockTest.java:22)
	at kas.concurrente.LockTest.lambda$0(LockTest.java:38)
	at java.base/java.lang.Thread.run(Thread.java:1623)
Exception in thread "Thread-7694" java.lang.UnsupportedOperationException: Unimplemented method 'lock'
	at kas.concurrente.ALock.lock(ALock.java:14)
	at kas.concurrente.Counter.getAndIncrement(LockTest.java:106)
	at kas.concurrente.LockTest.incrementaContador(LockTest.java:22)
	at kas.concurrente.LockTest.lambda$0(LockTest.java:38)
	at java.base/java.lang.Thread.run(Thread.java:1623)
Exception in thread "Thread-7693" java.lang.UnsupportedOperationException: Unimplemented method 'lock'
	at kas.concurrente.ALock.lock(ALock.java:14)
	at kas.concurrente.Counter.getAndIncrement(LockTest.java:106)
	at kas.concurrente.LockTest.incrementaContador(LockTest.java:22)
	at kas.concurrente.LockTest.lambda$0(LockTest.java:38)
	at java.base/java.lang.Thread.run(Thread.java:1623)
Exception in thread "Thread-7692" java.lang.UnsupportedOperationException: Unimplemented method 'lock'
	at kas.concurrente.ALock.lock(ALock.java:14)
	at kas.concurrente.Counter.getAndIncrement(LockTest.java:106)
	at kas.concurrente.LockTest.incrementaContador(LockTest.java:22)
	at kas.concurrente.LockTest.lambda$0(LockTest.java:38)
	at java.base/java.lang.Thread.run(Thread.java:1623)
java.lang.UnsupportedOperationException: Unimplemented method 'lock'
	at kas.concurrente.ALock.lock(ALock.java:14)
	at kas.concurrente.Counter.getAndIncrement(LockTest.java:106)
	at kas.concurrente.LockTest.incrementaContador(LockTest.java:22)
	at kas.concurrente.LockTest.lambda$0(LockTest.java:38)
	at java.base/java.lang.Thread.run(Thread.java:1623)
Exception in thread "Thread-7690" java.lang.UnsupportedOperationException: Unimplemented method 'lock'
	at kas.concurrente.ALock.lock(ALock.java:14)
	at kas.concurrente.Counter.getAndIncrement(LockTest.java:106)
	at kas.concurrente.LockTest.incrementaContador(LockTest.java:22)
	at kas.concurrente.LockTest.lambda$0(LockTest.java:38)
	at java.base/java.lang.Thread.run(Thread.java:1623)
Exception in thread "Thread-7689" java.lang.UnsupportedOperationException: Unimplemented method 'lock'
	at kas.concurrente.ALock.lock(ALock.java:14)
	at kas.concurrente.Counter.getAndIncrement(LockTest.java:106)
	at kas.concurrente.LockTest.incrementaContador(LockTest.java:22)
	at kas.concurrente.LockTest.lambda$0(LockTest.java:38)
	at java.base/java.lang.Thread.run(Thread.java:1623)
Exception in thread "Thread-7688" java.lang.UnsupportedOperationException: Unimplemented method 'lock'
	at kas.concurrente.ALock.lock(ALock.java:14)
	at kas.concurrente.Counter.getAndIncrement(LockTest.java:106)
	at kas.concurrente.LockTest.incrementaContador(LockTest.java:22)
	at kas.concurrente.LockTest.lambda$0(LockTest.java:38)
	at java.base/java.lang.Thread.run(Thread.java:1623)
Exception in thread "Thread-7686" java.lang.UnsupportedOperationException: Unimplemented method 'lock'
	at kas.concurrente.ALock.lock(ALock.java:14)
	at kas.concurrente.Counter.getAndIncrement(LockTest.java:106)
	at kas.concurrente.LockTest.incrementaContador(LockTest.java:22)
	at kas.concurrente.LockTest.lambda$0(LockTest.java:38)
	at java.base/java.lang.Thread.run(Thread.java:1623)
Exception in thread "Thread-7685" java.lang.UnsupportedOperationException: Unimplemented method 'lock'
	at kas.concurrente.ALock.lock(ALock.java:14)
	at kas.concurrente.Counter.getAndIncrement(LockTest.java:106)
	at kas.concurrente.LockTest.incrementaContador(LockTest.java:22)
	at kas.concurrente.LockTest.lambda$0(LockTest.java:38)
	at java.base/java.lang.Thread.run(Thread.java:1623)
Exception in thread "Thread-7684" java.lang.UnsupportedOperationException: Unimplemented method 'lock'
	at kas.concurrente.ALock.lock(ALock.java:14)
	at kas.concurrente.Counter.getAndIncrement(LockTest.java:106)
	at kas.concurrente.LockTest.incrementaContador(LockTest.java:22)
	at kas.concurrente.LockTest.lambda$0(LockTest.java:38)
	at java.base/java.lang.Thread.run(Thread.java:1623)
Exception in thread "Thread-7683" java.lang.UnsupportedOperationException: Unimplemented method 'lock'
	at kas.concurrente.ALock.lock(ALock.java:14)
	at kas.concurrente.Counter.getAndIncrement(LockTest.java:106)
	at kas.concurrente.LockTest.incrementaContador(LockTest.java:22)
	at kas.concurrente.LockTest.lambda$0(LockTest.java:38)
	at java.base/java.lang.Thread.run(Thread.java:1623)
Exception in thread "Thread-7682" java.lang.UnsupportedOperationException: Unimplemented method 'lock'
	at kas.concurrente.ALock.lock(ALock.java:14)
	at kas.concurrente.Counter.getAndIncrement(LockTest.java:106)
	at kas.concurrente.LockTest.incrementaContador(LockTest.java:22)
	at kas.concurrente.LockTest.lambda$0(LockTest.java:38)
	at java.base/java.lang.Thread.run(Thread.java:1623)
Exception in thread "Thread-7681" java.lang.UnsupportedOperationException: Unimplemented method 'lock'
	at kas.concurrente.ALock.lock(ALock.java:14)
	at kas.concurrente.Counter.getAndIncrement(LockTest.java:106)
	at kas.concurrente.LockTest.incrementaContador(LockTest.java:22)
	at kas.concurrente.LockTest.lambda$0(LockTest.java:38)
	at java.base/java.lang.Thread.run(Thread.java:1623)
Exception in thread "Thread-7678" java.lang.UnsupportedOperationException: Unimplemented method 'lock'
	at kas.concurrente.ALock.lock(ALock.java:14)
	at kas.concurrente.Counter.getAndIncrement(LockTest.java:106)
	at kas.concurrente.LockTest.incrementaContador(LockTest.java:22)
	at kas.concurrente.LockTest.lambda$0(LockTest.java:38)
	at java.base/java.lang.Thread.run(Thread.java:1623)
Exception in thread "Thread-7679" java.lang.UnsupportedOperationException: Unimplemented method 'lock'
	at kas.concurrente.ALock.lock(ALock.java:14)
	at kas.concurrente.Counter.getAndIncrement(LockTest.java:106)
	at kas.concurrente.LockTest.incrementaContador(LockTest.java:22)
	at kas.concurrente.LockTest.lambda$0(LockTest.java:38)
	at java.base/java.lang.Thread.run(Thread.java:1623)
Exception in thread "Thread-7677" java.lang.UnsupportedOperationException: Unimplemented method 'lock'
	at kas.concurrente.ALock.lock(ALock.java:14)
	at kas.concurrente.Counter.getAndIncrement(LockTest.java:106)
	at kas.concurrente.LockTest.incrementaContador(LockTest.java:22)
	at kas.concurrente.LockTest.lambda$0(LockTest.java:38)
	at java.base/java.lang.Thread.run(Thread.java:1623)
Exception in thread "Thread-7676" java.lang.UnsupportedOperationException: Unimplemented method 'lock'
	at kas.concurrente.ALock.lock(ALock.java:14)
	at kas.concurrente.Counter.getAndIncrement(LockTest.java:106)
	at kas.concurrente.LockTest.incrementaContador(LockTest.java:22)
	at kas.concurrente.LockTest.lambda$0(LockTest.java:38)
	at java.base/java.lang.Thread.run(Thread.java:1623)
Exception in thread "Thread-7675" java.lang.UnsupportedOperationException: Unimplemented method 'lock'
	at kas.concurrente.ALock.lock(ALock.java:14)
	at kas.concurrente.Counter.getAndIncrement(LockTest.java:106)
	at kas.concurrente.LockTest.incrementaContador(LockTest.java:22)
	at kas.concurrente.LockTest.lambda$0(LockTest.java:38)
	at java.base/java.lang.Thread.run(Thread.java:1623)
Exception in thread "Thread-7674" java.lang.UnsupportedOperationException: Unimplemented method 'lock'
	at kas.concurrente.ALock.lock(ALock.java:14)
	at kas.concurrente.Counter.getAndIncrement(LockTest.java:106)
	at kas.concurrente.LockTest.incrementaContador(LockTest.java:22)
	at kas.concurrente.LockTest.lambda$0(LockTest.java:38)
	at java.base/java.lang.Thread.run(Thread.java:1623)
]]></system-err>
  </testcase>
  <testcase name="clhLock" classname="kas.concurrente.LockTest" time="0.01">
    <failure message="expected: &lt;1000000&gt; but was: &lt;0&gt;" type="org.opentest4j.AssertionFailedError"><![CDATA[org.opentest4j.AssertionFailedError: expected: <1000000> but was: <0>
	at kas.concurrente.LockTest.ejecutaPrueba(LockTest.java:49)
	at kas.concurrente.LockTest.clhLock(LockTest.java:73)
]]></failure>
    <system-err><![CDATA[Exception in thread "Thread-7701" java.lang.UnsupportedOperationException: Unimplemented method 'lock'
	at kas.concurrente.CLHLock.lock(CLHLock.java:8)
	at kas.concurrente.Counter.getAndIncrement(LockTest.java:106)
	at kas.concurrente.LockTest.incrementaContador(LockTest.java:22)
	at kas.concurrente.LockTest.lambda$0(LockTest.java:38)
	at java.base/java.lang.Thread.run(Thread.java:1623)
Exception in thread "Thread-7703" java.lang.UnsupportedOperationException: Unimplemented method 'lock'
	at kas.concurrente.CLHLock.lock(CLHLock.java:8)
	at kas.concurrente.Counter.getAndIncrement(LockTest.java:106)
	at kas.concurrente.LockTest.incrementaContador(LockTest.java:22)
	at kas.concurrente.LockTest.lambda$0(LockTest.java:38)
	at java.base/java.lang.Thread.run(Thread.java:1623)
Exception in thread "Thread-7702" java.lang.UnsupportedOperationException: Unimplemented method 'lock'
	at kas.concurrente.CLHLock.lock(CLHLock.java:8)
	at kas.concurrente.Counter.getAndIncrement(LockTest.java:106)
	at kas.concurrente.LockTest.incrementaContador(LockTest.java:22)
	at kas.concurrente.LockTest.lambda$0(LockTest.java:38)
	at java.base/java.lang.Thread.run(Thread.java:1623)
Exception in thread "Thread-7705" java.lang.UnsupportedOperationException: Unimplemented method 'lock'
	at kas.concurrente.CLHLock.lock(CLHLock.java:8)
	at kas.concurrente.Counter.getAndIncrement(LockTest.java:106)
	at kas.concurrente.LockTest.incrementaContador(LockTest.java:22)
	at kas.concurrente.LockTest.lambda$0(LockTest.java:38)
	at java.base/java.lang.Thread.run(Thread.java:1623)
Exception in thread "Thread-7710" java.lang.UnsupportedOperationException: Unimplemented method 'lock'
	at kas.concurrente.CLHLock.lock(CLHLock.java:8)
	at kas.concurrente.Counter.getAndIncrement(LockTest.java:106)
	at kas.concurrente.LockTest.incrementaContador(LockTest.java:22)
	at kas.concurrente.LockTest.lambda$0(LockTest.java:38)
	at java.base/java.lang.Thread.run(Thread.java:1623)
Exception in thread "Thread-7704" java.lang.UnsupportedOperationException: Unimplemented method 'lock'
	at kas.concurrente.CLHLock.lock(CLHLock.java:8)
	at kas.concurrente.Counter.getAndIncrement(LockTest.java:106)
	at kas.concurrente.LockTest.incrementaContador(LockTest.java:22)
	at kas.concurrente.LockTest.lambda$0(LockTest.java:38)
	at java.base/java.lang.Thread.run(Thread.java:1623)
Exception in thread "Thread-7711" java.lang.UnsupportedOperationException: Unimplemented method 'lock'
	at kas.concurrente.CLHLock.lock(CLHLock.java:8)
	at kas.concurrente.Counter.getAndIncrement(LockTest.java:106)
	at kas.concurrente.LockTest.incrementaContador(LockTest.java:22)
	at kas.concurrente.LockTest.lambda$0(LockTest.java:38)
	at java.base/java.lang.Thread.run(Thread.java:1623)
Exception in thread "Thread-7707" java.lang.UnsupportedOperationException: Unimplemented method 'lock'
	at kas.concurrente.CLHLock.lock(CLHLock.java:8)
	at kas.concurrente.Counter.getAndIncrement(LockTest.java:106)
	at kas.concurrente.LockTest.incrementaContador(LockTest.java:22)
	at kas.concurrente.LockTest.lambda$0(LockTest.java:38)
	at java.base/java.lang.Thread.run(Thread.java:1623)
Exception in thread "Thread-7706" java.lang.UnsupportedOperationException: Unimplemented method 'lock'
	at kas.concurrente.CLHLock.lock(CLHLock.java:8)
	at kas.concurrente.Counter.getAndIncrement(LockTest.java:106)
	at kas.concurrente.LockTest.incrementaContador(LockTest.java:22)
	at kas.concurrente.LockTest.lambda$0(LockTest.java:38)
	at java.base/java.lang.Thread.run(Thread.java:1623)
Exception in thread "Thread-7718" java.lang.UnsupportedOperationException: Unimplemented method 'lock'
	at kas.concurrente.CLHLock.lock(CLHLock.java:8)
	at kas.concurrente.Counter.getAndIncrement(LockTest.java:106)
	at kas.concurrente.LockTest.incrementaContador(LockTest.java:22)
	at kas.concurrente.LockTest.lambda$0(LockTest.java:38)
	at java.base/java.lang.Thread.run(Thread.java:1623)
Exception in thread "Thread-7719" java.lang.UnsupportedOperationException: Unimplemented method 'lock'
	at kas.concurrente.CLHLock.lock(CLHLock.java:8)
	at kas.concurrente.Counter.getAndIncrement(LockTest.java:106)
	at kas.concurrente.LockTest.incrementaContador(LockTest.java:22)
	at kas.concurrente.LockTest.lambda$0(LockTest.java:38)
	at java.base/java.lang.Thread.run(Thread.java:1623)
Exception in thread "Thread-7709" java.lang.UnsupportedOperationException: Unimplemented method 'lock'
	at kas.concurrente.CLHLock.lock(CLHLock.java:8)
	at kas.concurrente.Counter.getAndIncrement(LockTest.java:106)
	at kas.concurrente.LockTest.incrementaContador(LockTest.java:22)
	at kas.concurrente.LockTest.lambda$0(LockTest.java:38)
	at java.base/java.lang.Thread.run(Thread.java:1623)
Exception in thread "Thread-7708" java.lang.UnsupportedOperationException: Unimplemented method 'lock'
	at kas.concurrente.CLHLock.lock(CLHLock.java:8)
	at kas.concurrente.Counter.getAndIncrement(LockTest.java:106)
	at kas.concurrente.LockTest.incrementaContador(LockTest.java:22)
	at kas.concurrente.LockTest.lambda$0(LockTest.java:38)
	at java.base/java.lang.Thread.run(Thread.java:1623)
Exception in thread "Thread-7724" Exception in thread "Thread-7721" java.lang.UnsupportedOperationException: Unimplemented method 'lock'
	at kas.concurrente.CLHLock.lock(CLHLock.java:8)
	at kas.concurrente.Counter.getAndIncrement(LockTest.java:106)
	at kas.concurrente.LockTest.incrementaContador(LockTest.java:22)
	at kas.concurrente.LockTest.lambda$0(LockTest.java:38)
	at java.base/java.lang.Thread.run(Thread.java:1623)
Exception in thread "Thread-7720" java.lang.UnsupportedOperationException: Unimplemented method 'lock'
	at kas.concurrente.CLHLock.lock(CLHLock.java:8)
	at kas.concurrente.Counter.getAndIncrement(LockTest.java:106)
	at kas.concurrente.LockTest.incrementaContador(LockTest.java:22)
	at kas.concurrente.LockTest.lambda$0(LockTest.java:38)
	at java.base/java.lang.Thread.run(Thread.java:1623)
Exception in thread "Thread-7717" java.lang.UnsupportedOperationException: Unimplemented method 'lock'
	at kas.concurrente.CLHLock.lock(CLHLock.java:8)
	at kas.concurrente.Counter.getAndIncrement(LockTest.java:106)
	at kas.concurrente.LockTest.incrementaContador(LockTest.java:22)
	at kas.concurrente.LockTest.lambda$0(LockTest.java:38)
	at java.base/java.lang.Thread.run(Thread.java:1623)
Exception in thread "Thread-7716" java.lang.UnsupportedOperationException: Unimplemented method 'lock'
	at kas.concurrente.CLHLock.lock(CLHLock.java:8)
	at kas.concurrente.Counter.getAndIncrement(LockTest.java:106)
	at kas.concurrente.LockTest.incrementaContador(LockTest.java:22)
	at kas.concurrente.LockTest.lambda$0(LockTest.java:38)
	at java.base/java.lang.Thread.run(Thread.java:1623)
Exception in thread "Thread-7715" java.lang.UnsupportedOperationException: Unimplemented method 'lock'
	at kas.concurrente.CLHLock.lock(CLHLock.java:8)
	at kas.concurrente.Counter.getAndIncrement(LockTest.java:106)
	at kas.concurrente.LockTest.incrementaContador(LockTest.java:22)
	at kas.concurrente.LockTest.lambda$0(LockTest.java:38)
	at java.base/java.lang.Thread.run(Thread.java:1623)
Exception in thread "Thread-7729" java.lang.UnsupportedOperationException: Unimplemented method 'lock'
	at kas.concurrente.CLHLock.lock(CLHLock.java:8)
	at kas.concurrente.Counter.getAndIncrement(LockTest.java:106)
	at kas.concurrente.LockTest.incrementaContador(LockTest.java:22)
	at kas.concurrente.LockTest.lambda$0(LockTest.java:38)
	at java.base/java.lang.Thread.run(Thread.java:1623)
Exception in thread "Thread-7714" java.lang.UnsupportedOperationException: Unimplemented method 'lock'
	at kas.concurrente.CLHLock.lock(CLHLock.java:8)
	at kas.concurrente.Counter.getAndIncrement(LockTest.java:106)
	at kas.concurrente.LockTest.incrementaContador(LockTest.java:22)
	at kas.concurrente.LockTest.lambda$0(LockTest.java:38)
	at java.base/java.lang.Thread.run(Thread.java:1623)
Exception in thread "Thread-7712" java.lang.UnsupportedOperationException: Unimplemented method 'lock'
	at kas.concurrente.CLHLock.lock(CLHLock.java:8)
	at kas.concurrente.Counter.getAndIncrement(LockTest.java:106)
	at kas.concurrente.LockTest.incrementaContador(LockTest.java:22)
	at kas.concurrente.LockTest.lambda$0(LockTest.java:38)
	at java.base/java.lang.Thread.run(Thread.java:1623)
Exception in thread "Thread-7713" Exception in thread "Thread-7732" java.lang.UnsupportedOperationException: Unimplemented method 'lock'
	at kas.concurrente.CLHLock.lock(CLHLock.java:8)
	at kas.concurrente.Counter.getAndIncrement(LockTest.java:106)
	at kas.concurrente.LockTest.incrementaContador(LockTest.java:22)
	at kas.concurrente.LockTest.lambda$0(LockTest.java:38)
	at java.base/java.lang.Thread.run(Thread.java:1623)
Exception in thread "Thread-7731" java.lang.UnsupportedOperationException: Unimplemented method 'lock'
	at kas.concurrente.CLHLock.lock(CLHLock.java:8)
	at kas.concurrente.Counter.getAndIncrement(LockTest.java:106)
	at kas.concurrente.LockTest.incrementaContador(LockTest.java:22)
	at kas.concurrente.LockTest.lambda$0(LockTest.java:38)
	at java.base/java.lang.Thread.run(Thread.java:1623)
Exception in thread "Thread-7730" java.lang.UnsupportedOperationException: Unimplemented method 'lock'
	at kas.concurrente.CLHLock.lock(CLHLock.java:8)
	at kas.concurrente.Counter.getAndIncrement(LockTest.java:106)
	at kas.concurrente.LockTest.incrementaContador(LockTest.java:22)
	at kas.concurrente.LockTest.lambda$0(LockTest.java:38)
	at java.base/java.lang.Thread.run(Thread.java:1623)
Exception in thread "Thread-7728" java.lang.UnsupportedOperationException: Unimplemented method 'lock'
	at kas.concurrente.CLHLock.lock(CLHLock.java:8)
	at kas.concurrente.Counter.getAndIncrement(LockTest.java:106)
	at kas.concurrente.LockTest.incrementaContador(LockTest.java:22)
	at kas.concurrente.LockTest.lambda$0(LockTest.java:38)
	at java.base/java.lang.Thread.run(Thread.java:1623)
Exception in thread "Thread-7727" java.lang.UnsupportedOperationException: Unimplemented method 'lock'
	at kas.concurrente.CLHLock.lock(CLHLock.java:8)
	at kas.concurrente.Counter.getAndIncrement(LockTest.java:106)
	at kas.concurrente.LockTest.incrementaContador(LockTest.java:22)
	at kas.concurrente.LockTest.lambda$0(LockTest.java:38)
	at java.base/java.lang.Thread.run(Thread.java:1623)
Exception in thread "Thread-7726" java.lang.UnsupportedOperationException: Unimplemented method 'lock'
	at kas.concurrente.CLHLock.lock(CLHLock.java:8)
	at kas.concurrente.Counter.getAndIncrement(LockTest.java:106)
	at kas.concurrente.LockTest.incrementaContador(LockTest.java:22)
	at kas.concurrente.LockTest.lambda$0(LockTest.java:38)
	at java.base/java.lang.Thread.run(Thread.java:1623)
Exception in thread "Thread-7738" java.lang.UnsupportedOperationException: Unimplemented method 'lock'
	at kas.concurrente.CLHLock.lock(CLHLock.java:8)
	at kas.concurrente.Counter.getAndIncrement(LockTest.java:106)
	at kas.concurrente.LockTest.incrementaContador(LockTest.java:22)
	at kas.concurrente.LockTest.lambda$0(LockTest.java:38)
	at java.base/java.lang.Thread.run(Thread.java:1623)
Exception in thread "Thread-7725" java.lang.UnsupportedOperationException: Unimplemented method 'lock'
	at kas.concurrente.CLHLock.lock(CLHLock.java:8)
	at kas.concurrente.Counter.getAndIncrement(LockTest.java:106)
	at kas.concurrente.LockTest.incrementaContador(LockTest.java:22)
	at kas.concurrente.LockTest.lambda$0(LockTest.java:38)
	at java.base/java.lang.Thread.run(Thread.java:1623)
java.lang.UnsupportedOperationException: Unimplemented method 'lock'
	at kas.concurrente.CLHLock.lock(CLHLock.java:8)
	at kas.concurrente.Counter.getAndIncrement(LockTest.java:106)
	at kas.concurrente.LockTest.incrementaContador(LockTest.java:22)
	at kas.concurrente.LockTest.lambda$0(LockTest.java:38)
	at java.base/java.lang.Thread.run(Thread.java:1623)
Exception in thread "Thread-7722" Exception in thread "Thread-7740" java.lang.UnsupportedOperationException: Unimplemented method 'lock'
	at kas.concurrente.CLHLock.lock(CLHLock.java:8)
	at kas.concurrente.Counter.getAndIncrement(LockTest.java:106)
	at kas.concurrente.LockTest.incrementaContador(LockTest.java:22)
	at kas.concurrente.LockTest.lambda$0(LockTest.java:38)
	at java.base/java.lang.Thread.run(Thread.java:1623)
Exception in thread "Thread-7723" java.lang.UnsupportedOperationException: Unimplemented method 'lock'
	at kas.concurrente.CLHLock.lock(CLHLock.java:8)
	at kas.concurrente.Counter.getAndIncrement(LockTest.java:106)
	at kas.concurrente.LockTest.incrementaContador(LockTest.java:22)
	at kas.concurrente.LockTest.lambda$0(LockTest.java:38)
	at java.base/java.lang.Thread.run(Thread.java:1623)
java.lang.UnsupportedOperationException: Unimplemented method 'lock'
	at kas.concurrente.CLHLock.lock(CLHLock.java:8)
	at kas.concurrente.Counter.getAndIncrement(LockTest.java:106)
	at kas.concurrente.LockTest.incrementaContador(LockTest.java:22)
	at kas.concurrente.LockTest.lambda$0(LockTest.java:38)
	at java.base/java.lang.Thread.run(Thread.java:1623)
Exception in thread "Thread-7739" java.lang.UnsupportedOperationException: Unimplemented method 'lock'
	at kas.concurrente.CLHLock.lock(CLHLock.java:8)
	at kas.concurrente.Counter.getAndIncrement(LockTest.java:106)
	at kas.concurrente.LockTest.incrementaContador(LockTest.java:22)
	at kas.concurrente.LockTest.lambda$0(LockTest.java:38)
	at java.base/java.lang.Thread.run(Thread.java:1623)
Exception in thread "Thread-7737" java.lang.UnsupportedOperationException: Unimplemented method 'lock'
	at kas.concurrente.CLHLock.lock(CLHLock.java:8)
	at kas.concurrente.Counter.getAndIncrement(LockTest.java:106)
	at kas.concurrente.LockTest.incrementaContador(LockTest.java:22)
	at kas.concurrente.LockTest.lambda$0(LockTest.java:38)
	at java.base/java.lang.Thread.run(Thread.java:1623)
Exception in thread "Thread-7736" java.lang.UnsupportedOperationException: Unimplemented method 'lock'
	at kas.concurrente.CLHLock.lock(CLHLock.java:8)
	at kas.concurrente.Counter.getAndIncrement(LockTest.java:106)
	at kas.concurrente.LockTest.incrementaContador(LockTest.java:22)
	at kas.concurrente.LockTest.lambda$0(LockTest.java:38)
	at java.base/java.lang.Thread.run(Thread.java:1623)
Exception in thread "Thread-7735" java.lang.UnsupportedOperationException: Unimplemented method 'lock'
	at kas.concurrente.CLHLock.lock(CLHLock.java:8)
	at kas.concurrente.Counter.getAndIncrement(LockTest.java:106)
	at kas.concurrente.LockTest.incrementaContador(LockTest.java:22)
	at kas.concurrente.LockTest.lambda$0(LockTest.java:38)
	at java.base/java.lang.Thread.run(Thread.java:1623)
Exception in thread "Thread-7734" java.lang.UnsupportedOperationException: Unimplemented method 'lock'
	at kas.concurrente.CLHLock.lock(CLHLock.java:8)
	at kas.concurrente.Counter.getAndIncrement(LockTest.java:106)
	at kas.concurrente.LockTest.incrementaContador(LockTest.java:22)
	at kas.concurrente.LockTest.lambda$0(LockTest.java:38)
	at java.base/java.lang.Thread.run(Thread.java:1623)
Exception in thread "Thread-7733" java.lang.UnsupportedOperationException: Unimplemented method 'lock'
	at kas.concurrente.CLHLock.lock(CLHLock.java:8)
	at kas.concurrente.Counter.getAndIncrement(LockTest.java:106)
	at kas.concurrente.LockTest.incrementaContador(LockTest.java:22)
	at kas.concurrente.LockTest.lambda$0(LockTest.java:38)
	at java.base/java.lang.Thread.run(Thread.java:1623)
java.lang.UnsupportedOperationException: Unimplemented method 'lock'
	at kas.concurrente.CLHLock.lock(CLHLock.java:8)
	at kas.concurrente.Counter.getAndIncrement(LockTest.java:106)
	at kas.concurrente.LockTest.incrementaContador(LockTest.java:22)
	at kas.concurrente.LockTest.lambda$0(LockTest.java:38)
	at java.base/java.lang.Thread.run(Thread.java:1623)
Exception in thread "Thread-7746" java.lang.UnsupportedOperationException: Unimplemented method 'lock'
	at kas.concurrente.CLHLock.lock(CLHLock.java:8)
	at kas.concurrente.Counter.getAndIncrement(LockTest.java:106)
	at kas.concurrente.LockTest.incrementaContador(LockTest.java:22)
	at kas.concurrente.LockTest.lambda$0(LockTest.java:38)
	at java.base/java.lang.Thread.run(Thread.java:1623)
Exception in thread "Thread-7747" java.lang.UnsupportedOperationException: Unimplemented method 'lock'
	at kas.concurrente.CLHLock.lock(CLHLock.java:8)
	at kas.concurrente.Counter.getAndIncrement(LockTest.java:106)
	at kas.concurrente.LockTest.incrementaContador(LockTest.java:22)
	at kas.concurrente.LockTest.lambda$0(LockTest.java:38)
	at java.base/java.lang.Thread.run(Thread.java:1623)
Exception in thread "Thread-7745" java.lang.UnsupportedOperationException: Unimplemented method 'lock'
	at kas.concurrente.CLHLock.lock(CLHLock.java:8)
	at kas.concurrente.Counter.getAndIncrement(LockTest.java:106)
	at kas.concurrente.LockTest.incrementaContador(LockTest.java:22)
	at kas.concurrente.LockTest.lambda$0(LockTest.java:38)
	at java.base/java.lang.Thread.run(Thread.java:1623)
Exception in thread "Thread-7748" java.lang.UnsupportedOperationException: Unimplemented method 'lock'
	at kas.concurrente.CLHLock.lock(CLHLock.java:8)
	at kas.concurrente.Counter.getAndIncrement(LockTest.java:106)
	at kas.concurrente.LockTest.incrementaContador(LockTest.java:22)
	at kas.concurrente.LockTest.lambda$0(LockTest.java:38)
	at java.base/java.lang.Thread.run(Thread.java:1623)
Exception in thread "Thread-7749" java.lang.UnsupportedOperationException: Unimplemented method 'lock'
	at kas.concurrente.CLHLock.lock(CLHLock.java:8)
	at kas.concurrente.Counter.getAndIncrement(LockTest.java:106)
	at kas.concurrente.LockTest.incrementaContador(LockTest.java:22)
	at kas.concurrente.LockTest.lambda$0(LockTest.java:38)
	at java.base/java.lang.Thread.run(Thread.java:1623)
Exception in thread "Thread-7744" java.lang.UnsupportedOperationException: Unimplemented method 'lock'
	at kas.concurrente.CLHLock.lock(CLHLock.java:8)
	at kas.concurrente.Counter.getAndIncrement(LockTest.java:106)
	at kas.concurrente.LockTest.incrementaContador(LockTest.java:22)
	at kas.concurrente.LockTest.lambda$0(LockTest.java:38)
	at java.base/java.lang.Thread.run(Thread.java:1623)
Exception in thread "Thread-7743" java.lang.UnsupportedOperationException: Unimplemented method 'lock'
	at kas.concurrente.CLHLock.lock(CLHLock.java:8)
	at kas.concurrente.Counter.getAndIncrement(LockTest.java:106)
	at kas.concurrente.LockTest.incrementaContador(LockTest.java:22)
	at kas.concurrente.LockTest.lambda$0(LockTest.java:38)
	at java.base/java.lang.Thread.run(Thread.java:1623)
Exception in thread "Thread-7742" java.lang.UnsupportedOperationException: Unimplemented method 'lock'
	at kas.concurrente.CLHLock.lock(CLHLock.java:8)
	at kas.concurrente.Counter.getAndIncrement(LockTest.java:106)
	at kas.concurrente.LockTest.incrementaContador(LockTest.java:22)
	at kas.concurrente.LockTest.lambda$0(LockTest.java:38)
	at java.base/java.lang.Thread.run(Thread.java:1623)
Exception in thread "Thread-7741" java.lang.UnsupportedOperationException: Unimplemented method 'lock'
	at kas.concurrente.CLHLock.lock(CLHLock.java:8)
	at kas.concurrente.Counter.getAndIncrement(LockTest.java:106)
	at kas.concurrente.LockTest.incrementaContador(LockTest.java:22)
	at kas.concurrente.LockTest.lambda$0(LockTest.java:38)
	at java.base/java.lang.Thread.run(Thread.java:1623)
Exception in thread "Thread-7751" java.lang.UnsupportedOperationException: Unimplemented method 'lock'
	at kas.concurrente.CLHLock.lock(CLHLock.java:8)
	at kas.concurrente.Counter.getAndIncrement(LockTest.java:106)
	at kas.concurrente.LockTest.incrementaContador(LockTest.java:22)
	at kas.concurrente.LockTest.lambda$0(LockTest.java:38)
	at java.base/java.lang.Thread.run(Thread.java:1623)
Exception in thread "Thread-7750" java.lang.UnsupportedOperationException: Unimplemented method 'lock'
	at kas.concurrente.CLHLock.lock(CLHLock.java:8)
	at kas.concurrente.Counter.getAndIncrement(LockTest.java:106)
	at kas.concurrente.LockTest.incrementaContador(LockTest.java:22)
	at kas.concurrente.LockTest.lambda$0(LockTest.java:38)
	at java.base/java.lang.Thread.run(Thread.java:1623)
]]></system-err>
  </testcase>
  <testcase name="mcsLock" classname="kas.concurrente.LockTest" time="0.003">
    <failure message="expected: &lt;1000000&gt; but was: &lt;0&gt;" type="org.opentest4j.AssertionFailedError"><![CDATA[org.opentest4j.AssertionFailedError: expected: <1000000> but was: <0>
	at kas.concurrente.LockTest.ejecutaPrueba(LockTest.java:49)
	at kas.concurrente.LockTest.mcsLock(LockTest.java:78)
]]></failure>
    <system-err><![CDATA[Exception in thread "Thread-7752" java.lang.UnsupportedOperationException: Unimplemented method 'lock'
	at kas.concurrente.MCSLock.lock(MCSLock.java:8)
	at kas.concurrente.Counter.getAndIncrement(LockTest.java:106)
	at kas.concurrente.LockTest.incrementaContador(LockTest.java:22)
	at kas.concurrente.LockTest.lambda$0(LockTest.java:38)
	at java.base/java.lang.Thread.run(Thread.java:1623)
Exception in thread "Thread-7753" java.lang.UnsupportedOperationException: Unimplemented method 'lock'
	at kas.concurrente.MCSLock.lock(MCSLock.java:8)
	at kas.concurrente.Counter.getAndIncrement(LockTest.java:106)
	at kas.concurrente.LockTest.incrementaContador(LockTest.java:22)
	at kas.concurrente.LockTest.lambda$0(LockTest.java:38)
	at java.base/java.lang.Thread.run(Thread.java:1623)
Exception in thread "Thread-7754" java.lang.UnsupportedOperationException: Unimplemented method 'lock'
	at kas.concurrente.MCSLock.lock(MCSLock.java:8)
	at kas.concurrente.Counter.getAndIncrement(LockTest.java:106)
	at kas.concurrente.LockTest.incrementaContador(LockTest.java:22)
	at kas.concurrente.LockTest.lambda$0(LockTest.java:38)
	at java.base/java.lang.Thread.run(Thread.java:1623)
Exception in thread "Thread-7755" java.lang.UnsupportedOperationException: Unimplemented method 'lock'
	at kas.concurrente.MCSLock.lock(MCSLock.java:8)
	at kas.concurrente.Counter.getAndIncrement(LockTest.java:106)
	at kas.concurrente.LockTest.incrementaContador(LockTest.java:22)
	at kas.concurrente.LockTest.lambda$0(LockTest.java:38)
	at java.base/java.lang.Thread.run(Thread.java:1623)
Exception in thread "Thread-7756" java.lang.UnsupportedOperationException: Unimplemented method 'lock'
	at kas.concurrente.MCSLock.lock(MCSLock.java:8)
	at kas.concurrente.Counter.getAndIncrement(LockTest.java:106)
	at kas.concurrente.LockTest.incrementaContador(LockTest.java:22)
	at kas.concurrente.LockTest.lambda$0(LockTest.java:38)
	at java.base/java.lang.Thread.run(Thread.java:1623)
Exception in thread "Thread-7757" java.lang.UnsupportedOperationException: Unimplemented method 'lock'
	at kas.concurrente.MCSLock.lock(MCSLock.java:8)
	at kas.concurrente.Counter.getAndIncrement(LockTest.java:106)
	at kas.concurrente.LockTest.incrementaContador(LockTest.java:22)
	at kas.concurrente.LockTest.lambda$0(LockTest.java:38)
	at java.base/java.lang.Thread.run(Thread.java:1623)
Exception in thread "Thread-7758" java.lang.UnsupportedOperationException: Unimplemented method 'lock'
	at kas.concurrente.MCSLock.lock(MCSLock.java:8)
	at kas.concurrente.Counter.getAndIncrement(LockTest.java:106)
	at kas.concurrente.LockTest.incrementaContador(LockTest.java:22)
	at kas.concurrente.LockTest.lambda$0(LockTest.java:38)
	at java.base/java.lang.Thread.run(Thread.java:1623)
Exception in thread "Thread-7759" java.lang.UnsupportedOperationException: Unimplemented method 'lock'
	at kas.concurrente.MCSLock.lock(MCSLock.java:8)
	at kas.concurrente.Counter.getAndIncrement(LockTest.java:106)
	at kas.concurrente.LockTest.incrementaContador(LockTest.java:22)
	at kas.concurrente.LockTest.lambda$0(LockTest.java:38)
	at java.base/java.lang.Thread.run(Thread.java:1623)
Exception in thread "Thread-7760" java.lang.UnsupportedOperationException: Unimplemented method 'lock'
	at kas.concurrente.MCSLock.lock(MCSLock.java:8)
	at kas.concurrente.Counter.getAndIncrement(LockTest.java:106)
	at kas.concurrente.LockTest.incrementaContador(LockTest.java:22)
	at kas.concurrente.LockTest.lambda$0(LockTest.java:38)
	at java.base/java.lang.Thread.run(Thread.java:1623)
Exception in thread "Thread-7761" java.lang.UnsupportedOperationException: Unimplemented method 'lock'
	at kas.concurrente.MCSLock.lock(MCSLock.java:8)
	at kas.concurrente.Counter.getAndIncrement(LockTest.java:106)
	at kas.concurrente.LockTest.incrementaContador(LockTest.java:22)
	at kas.concurrente.LockTest.lambda$0(LockTest.java:38)
	at java.base/java.lang.Thread.run(Thread.java:1623)
Exception in thread "Thread-7762" java.lang.UnsupportedOperationException: Unimplemented method 'lock'
	at kas.concurrente.MCSLock.lock(MCSLock.java:8)
	at kas.concurrente.Counter.getAndIncrement(LockTest.java:106)
	at kas.concurrente.LockTest.incrementaContador(LockTest.java:22)
	at kas.concurrente.LockTest.lambda$0(LockTest.java:38)
	at java.base/java.lang.Thread.run(Thread.java:1623)
Exception in thread "Thread-7763" java.lang.UnsupportedOperationException: Unimplemented method 'lock'
	at kas.concurrente.MCSLock.lock(MCSLock.java:8)
	at kas.concurrente.Counter.getAndIncrement(LockTest.java:106)
	at kas.concurrente.LockTest.incrementaContador(LockTest.java:22)
	at kas.concurrente.LockTest.lambda$0(LockTest.java:38)
	at java.base/java.lang.Thread.run(Thread.java:1623)
Exception in thread "Thread-7765" java.lang.UnsupportedOperationException: Unimplemented method 'lock'
	at kas.concurrente.MCSLock.lock(MCSLock.java:8)
	at kas.concurrente.Counter.getAndIncrement(LockTest.java:106)
	at kas.concurrente.LockTest.incrementaContador(LockTest.java:22)
	at kas.concurrente.LockTest.lambda$0(LockTest.java:38)
	at java.base/java.lang.Thread.run(Thread.java:1623)
Exception in thread "Thread-7766" java.lang.UnsupportedOperationException: Unimplemented method 'lock'
	at kas.concurrente.MCSLock.lock(MCSLock.java:8)
	at kas.concurrente.Counter.getAndIncrement(LockTest.java:106)
	at kas.concurrente.LockTest.incrementaContador(LockTest.java:22)
	at kas.concurrente.LockTest.lambda$0(LockTest.java:38)
	at java.base/java.lang.Thread.run(Thread.java:1623)
Exception in thread "Thread-7767" Exception in thread "Thread-7764" java.lang.UnsupportedOperationException: Unimplemented method 'lock'
	at kas.concurrente.MCSLock.lock(MCSLock.java:8)
	at kas.concurrente.Counter.getAndIncrement(LockTest.java:106)
	at kas.concurrente.LockTest.incrementaContador(LockTest.java:22)
	at kas.concurrente.LockTest.lambda$0(LockTest.java:38)
	at java.base/java.lang.Thread.run(Thread.java:1623)
java.lang.UnsupportedOperationException: Unimplemented method 'lock'
	at kas.concurrente.MCSLock.lock(MCSLock.java:8)
	at kas.concurrente.Counter.getAndIncrement(LockTest.java:106)
	at kas.concurrente.LockTest.incrementaContador(LockTest.java:22)
	at kas.concurrente.LockTest.lambda$0(LockTest.java:38)
	at java.base/java.lang.Thread.run(Thread.java:1623)
Exception in thread "Thread-7768" java.lang.UnsupportedOperationException: Unimplemented method 'lock'
	at kas.concurrente.MCSLock.lock(MCSLock.java:8)
	at kas.concurrente.Counter.getAndIncrement(LockTest.java:106)
	at kas.concurrente.LockTest.incrementaContador(LockTest.java:22)
	at kas.concurrente.LockTest.lambda$0(LockTest.java:38)
	at java.base/java.lang.Thread.run(Thread.java:1623)
Exception in thread "Thread-7769" java.lang.UnsupportedOperationException: Unimplemented method 'lock'
	at kas.concurrente.MCSLock.lock(MCSLock.java:8)
	at kas.concurrente.Counter.getAndIncrement(LockTest.java:106)
	at kas.concurrente.LockTest.incrementaContador(LockTest.java:22)
	at kas.concurrente.LockTest.lambda$0(LockTest.java:38)
	at java.base/java.lang.Thread.run(Thread.java:1623)
Exception in thread "Thread-7770" java.lang.UnsupportedOperationException: Unimplemented method 'lock'
	at kas.concurrente.MCSLock.lock(MCSLock.java:8)
	at kas.concurrente.Counter.getAndIncrement(LockTest.java:106)
	at kas.concurrente.LockTest.incrementaContador(LockTest.java:22)
	at kas.concurrente.LockTest.lambda$0(LockTest.java:38)
	at java.base/java.lang.Thread.run(Thread.java:1623)
Exception in thread "Thread-7771" java.lang.UnsupportedOperationException: Unimplemented method 'lock'
	at kas.concurrente.MCSLock.lock(MCSLock.java:8)
	at kas.concurrente.Counter.getAndIncrement(LockTest.java:106)
	at kas.concurrente.LockTest.incrementaContador(LockTest.java:22)
	at kas.concurrente.LockTest.lambda$0(LockTest.java:38)
	at java.base/java.lang.Thread.run(Thread.java:1623)
Exception in thread "Thread-7772" java.lang.UnsupportedOperationException: Unimplemented method 'lock'
	at kas.concurrente.MCSLock.lock(MCSLock.java:8)
	at kas.concurrente.Counter.getAndIncrement(LockTest.java:106)
	at kas.concurrente.LockTest.incrementaContador(LockTest.java:22)
	at kas.concurrente.LockTest.lambda$0(LockTest.java:38)
	at java.base/java.lang.Thread.run(Thread.java:1623)
Exception in thread "Thread-7773" java.lang.UnsupportedOperationException: Unimplemented method 'lock'
	at kas.concurrente.MCSLock.lock(MCSLock.java:8)
	at kas.concurrente.Counter.getAndIncrement(LockTest.java:106)
	at kas.concurrente.LockTest.incrementaContador(LockTest.java:22)
	at kas.concurrente.LockTest.lambda$0(LockTest.java:38)
	at java.base/java.lang.Thread.run(Thread.java:1623)
Exception in thread "Thread-7774" java.lang.UnsupportedOperationException: Unimplemented method 'lock'
	at kas.concurrente.MCSLock.lock(MCSLock.java:8)
	at kas.concurrente.Counter.getAndIncrement(LockTest.java:106)
	at kas.concurrente.LockTest.incrementaContador(LockTest.java:22)
	at kas.concurrente.LockTest.lambda$0(LockTest.java:38)
	at java.base/java.lang.Thread.run(Thread.java:1623)
Exception in thread "Thread-7775" java.lang.UnsupportedOperationException: Unimplemented method 'lock'
	at kas.concurrente.MCSLock.lock(MCSLock.java:8)
	at kas.concurrente.Counter.getAndIncrement(LockTest.java:106)
	at kas.concurrente.LockTest.incrementaContador(LockTest.java:22)
	at kas.concurrente.LockTest.lambda$0(LockTest.java:38)
	at java.base/java.lang.Thread.run(Thread.java:1623)
Exception in thread "Thread-7776" java.lang.UnsupportedOperationException: Unimplemented method 'lock'
	at kas.concurrente.MCSLock.lock(MCSLock.java:8)
	at kas.concurrente.Counter.getAndIncrement(LockTest.java:106)
	at kas.concurrente.LockTest.incrementaContador(LockTest.java:22)
	at kas.concurrente.LockTest.lambda$0(LockTest.java:38)
	at java.base/java.lang.Thread.run(Thread.java:1623)
Exception in thread "Thread-7777" java.lang.UnsupportedOperationException: Unimplemented method 'lock'
	at kas.concurrente.MCSLock.lock(MCSLock.java:8)
	at kas.concurrente.Counter.getAndIncrement(LockTest.java:106)
	at kas.concurrente.LockTest.incrementaContador(LockTest.java:22)
	at kas.concurrente.LockTest.lambda$0(LockTest.java:38)
	at java.base/java.lang.Thread.run(Thread.java:1623)
Exception in thread "Thread-7778" java.lang.UnsupportedOperationException: Unimplemented method 'lock'
	at kas.concurrente.MCSLock.lock(MCSLock.java:8)
	at kas.concurrente.Counter.getAndIncrement(LockTest.java:106)
	at kas.concurrente.LockTest.incrementaContador(LockTest.java:22)
	at kas.concurrente.LockTest.lambda$0(LockTest.java:38)
	at java.base/java.lang.Thread.run(Thread.java:1623)
Exception in thread "Thread-7779" java.lang.UnsupportedOperationException: Unimplemented method 'lock'
	at kas.concurrente.MCSLock.lock(MCSLock.java:8)
	at kas.concurrente.Counter.getAndIncrement(LockTest.java:106)
	at kas.concurrente.LockTest.incrementaContador(LockTest.java:22)
	at kas.concurrente.LockTest.lambda$0(LockTest.java:38)
	at java.base/java.lang.Thread.run(Thread.java:1623)
Exception in thread "Thread-7780" java.lang.UnsupportedOperationException: Unimplemented method 'lock'
	at kas.concurrente.MCSLock.lock(MCSLock.java:8)
	at kas.concurrente.Counter.getAndIncrement(LockTest.java:106)
	at kas.concurrente.LockTest.incrementaContador(LockTest.java:22)
	at kas.concurrente.LockTest.lambda$0(LockTest.java:38)
	at java.base/java.lang.Thread.run(Thread.java:1623)
Exception in thread "Thread-7781" java.lang.UnsupportedOperationException: Unimplemented method 'lock'
	at kas.concurrente.MCSLock.lock(MCSLock.java:8)
	at kas.concurrente.Counter.getAndIncrement(LockTest.java:106)
	at kas.concurrente.LockTest.incrementaContador(LockTest.java:22)
	at kas.concurrente.LockTest.lambda$0(LockTest.java:38)
	at java.base/java.lang.Thread.run(Thread.java:1623)
Exception in thread "Thread-7782" java.lang.UnsupportedOperationException: Unimplemented method 'lock'
	at kas.concurrente.MCSLock.lock(MCSLock.java:8)
	at kas.concurrente.Counter.getAndIncrement(LockTest.java:106)
	at kas.concurrente.LockTest.incrementaContador(LockTest.java:22)
	at kas.concurrente.LockTest.lambda$0(LockTest.java:38)
	at java.base/java.lang.Thread.run(Thread.java:1623)
Exception in thread "Thread-7783" java.lang.UnsupportedOperationException: Unimplemented method 'lock'
	at kas.concurrente.MCSLock.lock(MCSLock.java:8)
	at kas.concurrente.Counter.getAndIncrement(LockTest.java:106)
	at kas.concurrente.LockTest.incrementaContador(LockTest.java:22)
	at kas.concurrente.LockTest.lambda$0(LockTest.java:38)
	at java.base/java.lang.Thread.run(Thread.java:1623)
Exception in thread "Thread-7784" java.lang.UnsupportedOperationException: Unimplemented method 'lock'
	at kas.concurrente.MCSLock.lock(MCSLock.java:8)
	at kas.concurrente.Counter.getAndIncrement(LockTest.java:106)
	at kas.concurrente.LockTest.incrementaContador(LockTest.java:22)
	at kas.concurrente.LockTest.lambda$0(LockTest.java:38)
	at java.base/java.lang.Thread.run(Thread.java:1623)
Exception in thread "Thread-7785" java.lang.UnsupportedOperationException: Unimplemented method 'lock'
	at kas.concurrente.MCSLock.lock(MCSLock.java:8)
	at kas.concurrente.Counter.getAndIncrement(LockTest.java:106)
	at kas.concurrente.LockTest.incrementaContador(LockTest.java:22)
	at kas.concurrente.LockTest.lambda$0(LockTest.java:38)
	at java.base/java.lang.Thread.run(Thread.java:1623)
Exception in thread "Thread-7786" java.lang.UnsupportedOperationException: Unimplemented method 'lock'
	at kas.concurrente.MCSLock.lock(MCSLock.java:8)
	at kas.concurrente.Counter.getAndIncrement(LockTest.java:106)
	at kas.concurrente.LockTest.incrementaContador(LockTest.java:22)
	at kas.concurrente.LockTest.lambda$0(LockTest.java:38)
	at java.base/java.lang.Thread.run(Thread.java:1623)
Exception in thread "Thread-7787" java.lang.UnsupportedOperationException: Unimplemented method 'lock'
	at kas.concurrente.MCSLock.lock(MCSLock.java:8)
	at kas.concurrente.Counter.getAndIncrement(LockTest.java:106)
	at kas.concurrente.LockTest.incrementaContador(LockTest.java:22)
	at kas.concurrente.LockTest.lambda$0(LockTest.java:38)
	at java.base/java.lang.Thread.run(Thread.java:1623)
Exception in thread "Thread-7788" java.lang.UnsupportedOperationException: Unimplemented method 'lock'
	at kas.concurrente.MCSLock.lock(MCSLock.java:8)
	at kas.concurrente.Counter.getAndIncrement(LockTest.java:106)
	at kas.concurrente.LockTest.incrementaContador(LockTest.java:22)
	at kas.concurrente.LockTest.lambda$0(LockTest.java:38)
	at java.base/java.lang.Thread.run(Thread.java:1623)
Exception in thread "Thread-7789" java.lang.UnsupportedOperationException: Unimplemented method 'lock'
	at kas.concurrente.MCSLock.lock(MCSLock.java:8)
	at kas.concurrente.Counter.getAndIncrement(LockTest.java:106)
	at kas.concurrente.LockTest.incrementaContador(LockTest.java:22)
	at kas.concurrente.LockTest.lambda$0(LockTest.java:38)
	at java.base/java.lang.Thread.run(Thread.java:1623)
Exception in thread "Thread-7790" java.lang.UnsupportedOperationException: Unimplemented method 'lock'
	at kas.concurrente.MCSLock.lock(MCSLock.java:8)
	at kas.concurrente.Counter.getAndIncrement(LockTest.java:106)
	at kas.concurrente.LockTest.incrementaContador(LockTest.java:22)
	at kas.concurrente.LockTest.lambda$0(LockTest.java:38)
	at java.base/java.lang.Thread.run(Thread.java:1623)
Exception in thread "Thread-7791" java.lang.UnsupportedOperationException: Unimplemented method 'lock'
	at kas.concurrente.MCSLock.lock(MCSLock.java:8)
	at kas.concurrente.Counter.getAndIncrement(LockTest.java:106)
	at kas.concurrente.LockTest.incrementaContador(LockTest.java:22)
	at kas.concurrente.LockTest.lambda$0(LockTest.java:38)
	at java.base/java.lang.Thread.run(Thread.java:1623)
Exception in thread "Thread-7792" java.lang.UnsupportedOperationException: Unimplemented method 'lock'
	at kas.concurrente.MCSLock.lock(MCSLock.java:8)
	at kas.concurrente.Counter.getAndIncrement(LockTest.java:106)
	at kas.concurrente.LockTest.incrementaContador(LockTest.java:22)
	at kas.concurrente.LockTest.lambda$0(LockTest.java:38)
	at java.base/java.lang.Thread.run(Thread.java:1623)
Exception in thread "Thread-7794" java.lang.UnsupportedOperationException: Unimplemented method 'lock'
	at kas.concurrente.MCSLock.lock(MCSLock.java:8)
	at kas.concurrente.Counter.getAndIncrement(LockTest.java:106)
	at kas.concurrente.LockTest.incrementaContador(LockTest.java:22)
	at kas.concurrente.LockTest.lambda$0(LockTest.java:38)
	at java.base/java.lang.Thread.run(Thread.java:1623)
Exception in thread "Thread-7793" java.lang.UnsupportedOperationException: Unimplemented method 'lock'
	at kas.concurrente.MCSLock.lock(MCSLock.java:8)
	at kas.concurrente.Counter.getAndIncrement(LockTest.java:106)
	at kas.concurrente.LockTest.incrementaContador(LockTest.java:22)
	at kas.concurrente.LockTest.lambda$0(LockTest.java:38)
	at java.base/java.lang.Thread.run(Thread.java:1623)
Exception in thread "Thread-7795" java.lang.UnsupportedOperationException: Unimplemented method 'lock'
	at kas.concurrente.MCSLock.lock(MCSLock.java:8)
	at kas.concurrente.Counter.getAndIncrement(LockTest.java:106)
	at kas.concurrente.LockTest.incrementaContador(LockTest.java:22)
	at kas.concurrente.LockTest.lambda$0(LockTest.java:38)
	at java.base/java.lang.Thread.run(Thread.java:1623)
Exception in thread "Thread-7796" java.lang.UnsupportedOperationException: Unimplemented method 'lock'
	at kas.concurrente.MCSLock.lock(MCSLock.java:8)
	at kas.concurrente.Counter.getAndIncrement(LockTest.java:106)
	at kas.concurrente.LockTest.incrementaContador(LockTest.java:22)
	at kas.concurrente.LockTest.lambda$0(LockTest.java:38)
	at java.base/java.lang.Thread.run(Thread.java:1623)
Exception in thread "Thread-7797" java.lang.UnsupportedOperationException: Unimplemented method 'lock'
	at kas.concurrente.MCSLock.lock(MCSLock.java:8)
	at kas.concurrente.Counter.getAndIncrement(LockTest.java:106)
	at kas.concurrente.LockTest.incrementaContador(LockTest.java:22)
	at kas.concurrente.LockTest.lambda$0(LockTest.java:38)
	at java.base/java.lang.Thread.run(Thread.java:1623)
Exception in thread "Thread-7799" java.lang.UnsupportedOperationException: Unimplemented method 'lock'
	at kas.concurrente.MCSLock.lock(MCSLock.java:8)
	at kas.concurrente.Counter.getAndIncrement(LockTest.java:106)
	at kas.concurrente.LockTest.incrementaContador(LockTest.java:22)
	at kas.concurrente.LockTest.lambda$0(LockTest.java:38)
	at java.base/java.lang.Thread.run(Thread.java:1623)
Exception in thread "Thread-7800" java.lang.UnsupportedOperationException: Unimplemented method 'lock'
	at kas.concurrente.MCSLock.lock(MCSLock.java:8)
	at kas.concurrente.Counter.getAndIncrement(LockTest.java:106)
	at kas.concurrente.LockTest.incrementaContador(LockTest.java:22)
	at kas.concurrente.LockTest.lambda$0(LockTest.java:38)
	at java.base/java.lang.Thread.run(Thread.java:1623)
Exception in thread "Thread-7798" java.lang.UnsupportedOperationException: Unimplemented method 'lock'
	at kas.concurrente.MCSLock.lock(MCSLock.java:8)
	at kas.concurrente.Counter.getAndIncrement(LockTest.java:106)
	at kas.concurrente.LockTest.incrementaContador(LockTest.java:22)
	at kas.concurrente.LockTest.lambda$0(LockTest.java:38)
	at java.base/java.lang.Thread.run(Thread.java:1623)
Exception in thread "Thread-7801" java.lang.UnsupportedOperationException: Unimplemented method 'lock'
	at kas.concurrente.MCSLock.lock(MCSLock.java:8)
	at kas.concurrente.Counter.getAndIncrement(LockTest.java:106)
	at kas.concurrente.LockTest.incrementaContador(LockTest.java:22)
	at kas.concurrente.LockTest.lambda$0(LockTest.java:38)
	at java.base/java.lang.Thread.run(Thread.java:1623)
Exception in thread "Thread-7802" java.lang.UnsupportedOperationException: Unimplemented method 'lock'
	at kas.concurrente.MCSLock.lock(MCSLock.java:8)
	at kas.concurrente.Counter.getAndIncrement(LockTest.java:106)
	at kas.concurrente.LockTest.incrementaContador(LockTest.java:22)
	at kas.concurrente.LockTest.lambda$0(LockTest.java:38)
	at java.base/java.lang.Thread.run(Thread.java:1623)
]]></system-err>
  </testcase>
</testsuite>