<?xml version="1.0" encoding="UTF-8"?>
<testsuite xmlns:xsi="http://www.w3.org/2001/XMLSchema-instance" xsi:noNamespaceSchemaLocation="https://maven.apache.org/surefire/maven-surefire-plugin/xsd/surefire-test-report.xsd" name="kas.concurrente.LockTest" time="0.05" tests="6" errors="0" skipped="0" failures="6">
  <properties>
[...]
</properties>
  <testcase name="tasLock" classname="kas.concurrente.LockTest" time="0.022">
    <failure message="expected: &lt;1000000&gt; but was: &lt;0&gt;" type="org.opentest4j.AssertionFailedError"><![CDATA[org.opentest4j.AssertionFailedError: expected: <1000000> but was: <0>
	at kas.concurrente.LockTest.ejecutaPrueba(LockTest.java:49)
	at kas.concurrente.LockTest.tasLock(LockTest.java:56)
]]></failure>
    <system-out><![CDATA[HILOS 51
]]></system-out>
    <system-err><![CDATA[Exception in thread "Thread-0" Exception in thread "Thread-4" Exception in thread "Thread-3" java.lang.UnsupportedOperationException: Unimplemented method 'lock'
	at kas.concurrente.TASLock.lock(TASLock.java:8)
	at kas.concurrente.Counter.getAndIncrement(LockTest.java:106)
	at kas.concurrente.LockTest.incrementaContador(LockTest.java:22)
	at kas.concurrente.LockTest.lambda$ejecutaPrueba$0(LockTest.java:38)
	at java.base/java.lang.Thread.run(Thread.java:1623)
Exception in thread "Thread-2" java.lang.UnsupportedOperationException: Unimplemented method 'lock'
	at kas.concurrente.TASLock.lock(TASLock.java:8)
	at kas.concurrente.Counter.getAndIncrement(LockTest.java:106)
	at kas.concurrente.LockTest.incrementaContador(LockTest.java:22)
	at kas.concurrente.LockTest.lambda$ejecutaPrueba$0(LockTest.java:38)
	at java.base/java.lang.Thread.run(Thread.java:1623)
Exception in thread "Thread-1" Exception in thread "Thread-18" java.lang.UnsupportedOperationException: Unimplemented method 'lock'
	at kas.concurrente.TASLock.lock(TASLock.java:8)
	at kas.concurrente.Counter.getAndIncrement(LockTest.java:106)
	at kas.concurrente.LockTest.incrementaContador(LockTest.java:22)
	at kas.concurrente.LockTest.lambda$ejecutaPrueba$0(LockTest.java:38)
	at java.base/java.lang.Thread.run(Thread.java:1623)
java.lang.UnsupportedOperationException: Unimplemented method 'lock'
	at kas.concurrente.TASLock.lock(TASLock.java:8)
	at kas.concurrente.Counter.getAndIncrement(LockTest.java:106)
	at kas.concurrente.LockTest.incrementaContador(LockTest.java:22)
	at kas.concurrente.LockTest.lambda$ejecutaPrueba$0(LockTest.java:38)
	at java.base/java.lang.Thread.run(Thread.java:1623)
Exception in thread "Thread-17" java.lang.UnsupportedOperationException: Unimplemented method 'lock'
	at kas.concurrente.TASLock.lock(TASLock.java:8)
	at kas.concurrente.Counter.getAndIncrement(LockTest.java:106)
	at kas.concurrente.LockTest.incrementaContador(LockTest.java:22)
	at kas.concurrente.LockTest.lambda$ejecutaPrueba$0(LockTest.java:38)
	at java.base/java.lang.Thread.run(Thread.java:1623)
Exception in thread "Thread-16" java.lang.UnsupportedOperationException: Unimplemented method 'lock'
	at kas.concurrente.TASLock.lock(TASLock.java:8)
	at kas.concurrente.Counter.getAndIncrement(LockTest.java:106)
	at kas.concurrente.LockTest.incrementaContador(LockTest.java:22)
	at kas.concurrente.LockTest.lambda$ejecutaPrueba$0(LockTest.java:38)
	at java.base/java.lang.Thread.run(Thread.java:1623)
Exception in thread "Thread-30" java.lang.UnsupportedOperationException: Unimplemented method 'lock'
	at kas.concurrente.TASLock.lock(TASLock.java:8)
	at kas.concurrente.Counter.getAndIncrement(LockTest.java:106)
	at kas.concurrente.LockTest.incrementaContador(LockTest.java:22)
	at kas.concurrente.LockTest.lambda$ejecutaPrueba$0(LockTest.java:38)
	at java.base/java.lang.Thread.run(Thread.java:1623)
Exception in thread "Thread-15" java.lang.UnsupportedOperationException: Unimplemented method 'lock'
	at kas.concurrente.TASLock.lock(TASLock.java:8)
	at kas.concurrente.Counter.getAndIncrement(LockTest.java:106)
	at kas.concurrente.LockTest.incrementaContador(LockTest.java:22)
	at kas.concurrente.LockTest.lambda$ejecutaPrueba$0(LockTest.java:38)
	at java.base/java.lang.Thread.run(Thread.java:1623)
Exception in thread "Thread-14" java.lang.UnsupportedOperationException: Unimplemented method 'lock'
	at kas.concurrente.TASLock.lock(TASLock.java:8)
	at kas.concurrente.Counter.getAndIncrement(LockTest.java:106)
	at kas.concurrente.LockTest.incrementaContador(LockTest.java:22)
	at kas.concurrente.LockTest.lambda$ejecutaPrueba$0(LockTest.java:38)
	at java.base/java.lang.Thread.run(Thread.java:1623)
Exception in thread "Thread-37" java.lang.UnsupportedOperationException: Unimplemented method 'lock'
	at kas.concurrente.TASLock.lock(TASLock.java:8)
	at kas.concurrente.Counter.getAndIncrement(LockTest.java:106)
	at kas.concurrente.LockTest.incrementaContador(LockTest.java:22)
	at kas.concurrente.LockTest.lambda$ejecutaPrueba$0(LockTest.java:38)
	at java.base/java.lang.Thread.run(Thread.java:1623)
Exception in thread "Thread-13" java.lang.UnsupportedOperationException: Unimplemented method 'lock'
	at kas.concurrente.TASLock.lock(TASLock.java:8)
	at kas.concurrente.Counter.getAndIncrement(LockTest.java:106)
	at kas.concurrente.LockTest.incrementaContador(LockTest.java:22)
	at kas.concurrente.LockTest.lambda$ejecutaPrueba$0(LockTest.java:38)
	at java.base/java.lang.Thread.run(Thread.java:1623)
Exception in thread "Thread-40" java.lang.UnsupportedOperationException: Unimplemented method 'lock'
	at kas.concurrente.TASLock.lock(TASLock.java:8)
	at kas.concurrente.Counter.getAndIncrement(LockTest.java:106)
	at kas.concurrente.LockTest.incrementaContador(LockTest.java:22)
	at kas.concurrente.LockTest.lambda$ejecutaPrueba$0(LockTest.java:38)
	at java.base/java.lang.Thread.run(Thread.java:1623)
Exception in thread "Thread-12" java.lang.UnsupportedOperationException: Unimplemented method 'lock'
	at kas.concurrente.TASLock.lock(TASLock.java:8)
	at kas.concurrente.Counter.getAndIncrement(LockTest.java:106)
	at kas.concurrente.LockTest.incrementaContador(LockTest.java:22)
	at kas.concurrente.LockTest.lambda$ejecutaPrueba$0(LockTest.java:38)
	at java.base/java.lang.Thread.run(Thread.java:1623)
Exception in thread "Thread-47" Exception in thread "Thread-11" java.lang.UnsupportedOperationException: Unimplemented method 'lock'
	at kas.concurrente.TASLock.lock(TASLock.java:8)
	at kas.concurrente.Counter.getAndIncrement(LockTest.java:106)
	at kas.concurrente.LockTest.incrementaContador(LockTest.java:22)
	at kas.concurrente.LockTest.lambda$ejecutaPrueba$0(LockTest.java:38)
	at java.base/java.lang.Thread.run(Thread.java:1623)
Exception in thread "Thread-49" java.lang.UnsupportedOperationException: Unimplemented method 'lock'
	at kas.concurrente.TASLock.lock(TASLock.java:8)
	at kas.concurrente.Counter.getAndIncrement(LockTest.java:106)
	at kas.concurrente.LockTest.incrementaContador(LockTest.java:22)
	at kas.concurrente.LockTest.lambda$ejecutaPrueba$0(LockTest.java:38)
	at java.base/java.lang.Thread.run(Thread.java:1623)
Exception in thread "Thread-10" java.lang.UnsupportedOperationException: Unimplemented method 'lock'
	at kas.concurrente.TASLock.lock(TASLock.java:8)
	at kas.concurrente.Counter.getAndIncrement(LockTest.java:106)
	at kas.concurrente.LockTest.incrementaContador(LockTest.java:22)
	at kas.concurrente.LockTest.lambda$ejecutaPrueba$0(LockTest.java:38)
	at java.base/java.lang.Thread.run(Thread.java:1623)
Exception in thread "Thread-9" java.lang.UnsupportedOperationException: Unimplemented method 'lock'
	at kas.concurrente.TASLock.lock(TASLock.java:8)
	at kas.concurrente.Counter.getAndIncrement(LockTest.java:106)
	at kas.concurrente.LockTest.incrementaContador(LockTest.java:22)
	at kas.concurrente.LockTest.lambda$ejecutaPrueba$0(LockTest.java:38)
	at java.base/java.lang.Thread.run(Thread.java:1623)
Exception in thread "Thread-8" java.lang.UnsupportedOperationException: Unimplemented method 'lock'
	at kas.concurrente.TASLock.lock(TASLock.java:8)
	at kas.concurrente.Counter.getAndIncrement(LockTest.java:106)
	at kas.concurrente.LockTest.incrementaContador(LockTest.java:22)
	at kas.concurrente.LockTest.lambda$ejecutaPrueba$0(LockTest.java:38)
	at java.base/java.lang.Thread.run(Thread.java:1623)
Exception in thread "Thread-7" java.lang.UnsupportedOperationException: Unimplemented method 'lock'
	at kas.concurrente.TASLock.lock(TASLock.java:8)
	at kas.concurrente.Counter.getAndIncrement(LockTest.java:106)
	at kas.concurrente.LockTest.incrementaContador(LockTest.java:22)
	at kas.concurrente.LockTest.lambda$ejecutaPrueba$0(LockTest.java:38)
	at java.base/java.lang.Thread.run(Thread.java:1623)
Exception in thread "Thread-6" java.lang.UnsupportedOperationException: Unimplemented method 'lock'
	at kas.concurrente.TASLock.lock(TASLock.java:8)
	at kas.concurrente.Counter.getAndIncrement(LockTest.java:106)
	at kas.concurrente.LockTest.incrementaContador(LockTest.java:22)
	at kas.concurrente.LockTest.lambda$ejecutaPrueba$0(LockTest.java:38)
	at java.base/java.lang.Thread.run(Thread.java:1623)
java.lang.UnsupportedOperationException: Unimplemented method 'lock'
	at kas.concurrente.TASLock.lock(TASLock.java:8)
	at kas.concurrente.Counter.getAndIncrement(LockTest.java:106)
	at kas.concurrente.LockTest.incrementaContador(LockTest.java:22)
	at kas.concurrente.LockTest.lambda$ejecutaPrueba$0(LockTest.java:38)
	at java.base/java.lang.Thread.run(Thread.java:1623)
Exception in thread "Thread-5" java.lang.UnsupportedOperationException: Unimplemented method 'lock'
	at kas.concurrente.TASLock.lock(TASLock.java:8)
	at kas.concurrente.Counter.getAndIncrement(LockTest.java:106)
	at kas.concurrente.LockTest.incrementaContador(LockTest.java:22)
	at kas.concurrente.LockTest.lambda$ejecutaPrueba$0(LockTest.java:38)
	at java.base/java.lang.Thread.run(Thread.java:1623)
java.lang.UnsupportedOperationException: Unimplemented method 'lock'
	at kas.concurrente.TASLock.lock(TASLock.java:8)
	at kas.concurrente.Counter.getAndIncrement(LockTest.java:106)
	at kas.concurrente.LockTest.incrementaContador(LockTest.java:22)
	at kas.concurrente.LockTest.lambda$ejecutaPrueba$0(LockTest.java:38)
	at java.base/java.lang.Thread.run(Thread.java:1623)
Exception in thread "Thread-50" java.lang.UnsupportedOperationException: Unimplemented method 'lock'
	at kas.concurrente.TASLock.lock(TASLock.java:8)
	at kas.concurrente.Counter.getAndIncrement(LockTest.java:106)
	at kas.concurrente.LockTest.incrementaContador(LockTest.java:22)
	at kas.concurrente.LockTest.lambda$ejecutaPrueba$0(LockTest.java:38)
	at java.base/java.lang.Thread.run(Thread.java:1623)
Exception in thread "Thread-48" java.lang.UnsupportedOperationException: Unimplemented method 'lock'
	at kas.concurrente.TASLock.lock(TASLock.java:8)
	at kas.concurrente.Counter.getAndIncrement(LockTest.java:106)
	at kas.concurrente.LockTest.incrementaContador(LockTest.java:22)
	at kas.concurrente.LockTest.lambda$ejecutaPrueba$0(LockTest.java:38)
	at java.base/java.lang.Thread.run(Thread.java:1623)
java.lang.UnsupportedOperationException: Unimplemented method 'lock'
	at kas.concurrente.TASLock.lock(TASLock.java:8)
	at kas.concurrente.Counter.getAndIncrement(LockTest.java:106)
	at kas.concurrente.LockTest.incrementaContador(LockTest.java:22)
	at kas.concurrente.LockTest.lambda$ejecutaPrueba$0(LockTest.java:38)
	at java.base/java.lang.Thread.run(Thread.java:1623)
Exception in thread "Thread-46" java.lang.UnsupportedOperationException: Unimplemented method 'lock'
	at kas.concurrente.TASLock.lock(TASLock.java:8)
	at kas.concurrente.Counter.getAndIncrement(LockTest.java:106)
	at kas.concurrente.LockTest.incrementaContador(LockTest.java:22)
	at kas.concurrente.LockTest.lambda$ejecutaPrueba$0(LockTest.java:38)
	at java.base/java.lang.Thread.run(Thread.java:1623)
Exception in thread "Thread-45" java.lang.UnsupportedOperationException: Unimplemented method 'lock'
	at kas.concurrente.TASLock.lock(TASLock.java:8)
	at kas.concurrente.Counter.getAndIncrement(LockTest.java:106)
	at kas.concurrente.LockTest.incrementaContador(LockTest.java:22)
	at kas.concurrente.LockTest.lambda$ejecutaPrueba$0(LockTest.java:38)
	at java.base/java.lang.Thread.run(Thread.java:1623)
Exception in thread "Thread-44" java.lang.UnsupportedOperationException: Unimplemented method 'lock'
	at kas.concurrente.TASLock.lock(TASLock.java:8)
	at kas.concurrente.Counter.getAndIncrement(LockTest.java:106)
	at kas.concurrente.LockTest.incrementaContador(LockTest.java:22)
	at kas.concurrente.LockTest.lambda$ejecutaPrueba$0(LockTest.java:38)
	at java.base/java.lang.Thread.run(Thread.java:1623)
Exception in thread "Thread-43" java.lang.UnsupportedOperationException: Unimplemented method 'lock'
	at kas.concurrente.TASLock.lock(TASLock.java:8)
	at kas.concurrente.Counter.getAndIncrement(LockTest.java:106)
	at kas.concurrente.LockTest.incrementaContador(LockTest.java:22)
	at kas.concurrente.LockTest.lambda$ejecutaPrueba$0(LockTest.java:38)
	at java.base/java.lang.Thread.run(Thread.java:1623)
Exception in thread "Thread-42" java.lang.UnsupportedOperationException: Unimplemented method 'lock'
	at kas.concurrente.TASLock.lock(TASLock.java:8)
	at kas.concurrente.Counter.getAndIncrement(LockTest.java:106)
	at kas.concurrente.LockTest.incrementaContador(LockTest.java:22)
	at kas.concurrente.LockTest.lambda$ejecutaPrueba$0(LockTest.java:38)
	at java.base/java.lang.Thread.run(Thread.java:1623)
Exception in thread "Thread-41" java.lang.UnsupportedOperationException: Unimplemented method 'lock'
	at kas.concurrente.TASLock.lock(TASLock.java:8)
	at kas.concurrente.Counter.getAndIncrement(LockTest.java:106)
	at kas.concurrente.LockTest.incrementaContador(LockTest.java:22)
	at kas.concurrente.LockTest.lambda$ejecutaPrueba$0(LockTest.java:38)
	at java.base/java.lang.Thread.run(Thread.java:1623)
Exception in thread "Thread-39" Exception in thread "Thread-38" java.lang.UnsupportedOperationException: Unimplemented method 'lock'
	at kas.concurrente.TASLock.lock(TASLock.java:8)
	at kas.concurrente.Counter.getAndIncrement(LockTest.java:106)
	at kas.concurrente.LockTest.incrementaContador(LockTest.java:22)
	at kas.concurrente.LockTest.lambda$ejecutaPrueba$0(LockTest.java:38)
	at java.base/java.lang.Thread.run(Thread.java:1623)
Exception in thread "Thread-36" java.lang.UnsupportedOperationException: Unimplemented method 'lock'
	at kas.concurrente.TASLock.lock(TASLock.java:8)
	at kas.concurrente.Counter.getAndIncrement(LockTest.java:106)
	at kas.concurrente.LockTest.incrementaContador(LockTest.java:22)
	at kas.concurrente.LockTest.lambda$ejecutaPrueba$0(LockTest.java:38)
	at java.base/java.lang.Thread.run(Thread.java:1623)
Exception in thread "Thread-35" java.lang.UnsupportedOperationException: Unimplemented method 'lock'
	at kas.concurrente.TASLock.lock(TASLock.java:8)
	at kas.concurrente.Counter.getAndIncrement(LockTest.java:106)
	at kas.concurrente.LockTest.incrementaContador(LockTest.java:22)
	at kas.concurrente.LockTest.lambda$ejecutaPrueba$0(LockTest.java:38)
	at java.base/java.lang.Thread.run(Thread.java:1623)
Exception in thread "Thread-34" java.lang.UnsupportedOperationException: Unimplemented method 'lock'
	at kas.concurrente.TASLock.lock(TASLock.java:8)
	at kas.concurrente.Counter.getAndIncrement(LockTest.java:106)
	at kas.concurrente.LockTest.incrementaContador(LockTest.java:22)
	at kas.concurrente.LockTest.lambda$ejecutaPrueba$0(LockTest.java:38)
	at java.base/java.lang.Thread.run(Thread.java:1623)
Exception in thread "Thread-33" java.lang.UnsupportedOperationException: Unimplemented method 'lock'
	at kas.concurrente.TASLock.lock(TASLock.java:8)
	at kas.concurrente.Counter.getAndIncrement(LockTest.java:106)
	at kas.concurrente.LockTest.incrementaContador(LockTest.java:22)
	at kas.concurrente.LockTest.lambda$ejecutaPrueba$0(LockTest.java:38)
	at java.base/java.lang.Thread.run(Thread.java:1623)
Exception in thread "Thread-32" java.lang.UnsupportedOperationException: Unimplemented method 'lock'
	at kas.concurrente.TASLock.lock(TASLock.java:8)
	at kas.concurrente.Counter.getAndIncrement(LockTest.java:106)
	at kas.concurrente.LockTest.incrementaContador(LockTest.java:22)
	at kas.concurrente.LockTest.lambda$ejecutaPrueba$0(LockTest.java:38)
	at java.base/java.lang.Thread.run(Thread.java:1623)
Exception in thread "Thread-31" java.lang.UnsupportedOperationException: Unimplemented method 'lock'
	at kas.concurrente.TASLock.lock(TASLock.java:8)
	at kas.concurrente.Counter.getAndIncrement(LockTest.java:106)
	at kas.concurrente.LockTest.incrementaContador(LockTest.java:22)
	at kas.concurrente.LockTest.lambda$ejecutaPrueba$0(LockTest.java:38)
	at java.base/java.lang.Thread.run(Thread.java:1623)
Exception in thread "Thread-29" java.lang.UnsupportedOperationException: Unimplemented method 'lock'
	at kas.concurrente.TASLock.lock(TASLock.java:8)
	at kas.concurrente.Counter.getAndIncrement(LockTest.java:106)
	at kas.concurrente.LockTest.incrementaContador(LockTest.java:22)
	at kas.concurrente.LockTest.lambda$ejecutaPrueba$0(LockTest.java:38)
	at java.base/java.lang.Thread.run(Thread.java:1623)
Exception in thread "Thread-28" java.lang.UnsupportedOperationException: Unimplemented method 'lock'
	at kas.concurrente.TASLock.lock(TASLock.java:8)
	at kas.concurrente.Counter.getAndIncrement(LockTest.java:106)
	at kas.concurrente.LockTest.incrementaContador(LockTest.java:22)
	at kas.concurrente.LockTest.lambda$ejecutaPrueba$0(LockTest.java:38)
	at java.base/java.lang.Thread.run(Thread.java:1623)
Exception in thread "Thread-23" Exception in thread "Thread-27" java.lang.UnsupportedOperationException: Unimplemented method 'lock'
	at kas.concurrente.TASLock.lock(TASLock.java:8)
	at kas.concurrente.Counter.getAndIncrement(LockTest.java:106)
	at kas.concurrente.LockTest.incrementaContador(LockTest.java:22)
	at kas.concurrente.LockTest.lambda$ejecutaPrueba$0(LockTest.java:38)
	at java.base/java.lang.Thread.run(Thread.java:1623)
Exception in thread "Thread-24" java.lang.UnsupportedOperationException: Unimplemented method 'lock'
	at kas.concurrente.TASLock.lock(TASLock.java:8)
	at kas.concurrente.Counter.getAndIncrement(LockTest.java:106)
	at kas.concurrente.LockTest.incrementaContador(LockTest.java:22)
	at kas.concurrente.LockTest.lambda$ejecutaPrueba$0(LockTest.java:38)
	at java.base/java.lang.Thread.run(Thread.java:1623)
Exception in thread "Thread-26" java.lang.UnsupportedOperationException: Unimplemented method 'lock'
	at kas.concurrente.TASLock.lock(TASLock.java:8)
	at kas.concurrente.Counter.getAndIncrement(LockTest.java:106)
	at kas.concurrente.LockTest.incrementaContador(LockTest.java:22)
	at kas.concurrente.LockTest.lambda$ejecutaPrueba$0(LockTest.java:38)
	at java.base/java.lang.Thread.run(Thread.java:1623)
Exception in thread "Thread-25" java.lang.UnsupportedOperationException: Unimplemented method 'lock'
	at kas.concurrente.TASLock.lock(TASLock.java:8)
	at kas.concurrente.Counter.getAndIncrement(LockTest.java:106)
	at kas.concurrente.LockTest.incrementaContador(LockTest.java:22)
	at kas.concurrente.LockTest.lambda$ejecutaPrueba$0(LockTest.java:38)
	at java.base/java.lang.Thread.run(Thread.java:1623)
Exception in thread "Thread-21" java.lang.UnsupportedOperationException: Unimplemented method 'lock'
	at kas.concurrente.TASLock.lock(TASLock.java:8)
	at kas.concurrente.Counter.getAndIncrement(LockTest.java:106)
	at kas.concurrente.LockTest.incrementaContador(LockTest.java:22)
	at kas.concurrente.LockTest.lambda$ejecutaPrueba$0(LockTest.java:38)
	at java.base/java.lang.Thread.run(Thread.java:1623)
Exception in thread "Thread-22" java.lang.UnsupportedOperationException: Unimplemented method 'lock'
	at kas.concurrente.TASLock.lock(TASLock.java:8)
	at kas.concurrente.Counter.getAndIncrement(LockTest.java:106)
	at kas.concurrente.LockTest.incrementaContador(LockTest.java:22)
	at kas.concurrente.LockTest.lambda$ejecutaPrueba$0(LockTest.java:38)
	at java.base/java.lang.Thread.run(Thread.java:1623)
Exception in thread "Thread-20" java.lang.UnsupportedOperationException: Unimplemented method 'lock'
	at kas.concurrente.TASLock.lock(TASLock.java:8)
	at kas.concurrente.Counter.getAndIncrement(LockTest.java:106)
	at kas.concurrente.LockTest.incrementaContador(LockTest.java:22)
	at kas.concurrente.LockTest.lambda$ejecutaPrueba$0(LockTest.java:38)
	at java.base/java.lang.Thread.run(Thread.java:1623)
Exception in thread "Thread-19" java.lang.UnsupportedOperationException: Unimplemented method 'lock'
	at kas.concurrente.TASLock.lock(TASLock.java:8)
	at kas.concurrente.Counter.getAndIncrement(LockTest.java:106)
	at kas.concurrente.LockTest.incrementaContador(LockTest.java:22)
	at kas.concurrente.LockTest.lambda$ejecutaPrueba$0(LockTest.java:38)
	at java.base/java.lang.Thread.run(Thread.java:1623)
java.lang.UnsupportedOperationException: Unimplemented method 'lock'
	at kas.concurrente.TASLock.lock(TASLock.java:8)
	at kas.concurrente.Counter.getAndIncrement(LockTest.java:106)
	at kas.concurrente.LockTest.incrementaContador(LockTest.java:22)
	at kas.concurrente.LockTest.lambda$ejecutaPrueba$0(LockTest.java:38)
	at java.base/java.lang.Thread.run(Thread.java:1623)
java.lang.UnsupportedOperationException: Unimplemented method 'lock'
	at kas.concurrente.TASLock.lock(TASLock.java:8)
	at kas.concurrente.Counter.getAndIncrement(LockTest.java:106)
	at kas.concurrente.LockTest.incrementaContador(LockTest.java:22)
	at kas.concurrente.LockTest.lambda$ejecutaPrueba$0(LockTest.java:38)
	at java.base/java.lang.Thread.run(Thread.java:1623)
]]></system-err>
  </testcase>
  <testcase name="ttasLock" classname="kas.concurrente.LockTest" time="0.006">
    <failure message="expected: &lt;1000000&gt; but was: &lt;0&gt;" type="org.opentest4j.AssertionFailedError"><![CDATA[org.opentest4j.AssertionFailedError: expected: <1000000> but was: <0>
	at kas.concurrente.LockTest.ejecutaPrueba(LockTest.java:49)
	at kas.concurrente.LockTest.ttasLock(LockTest.java:62)
]]></failure>
    <system-err><![CDATA[Exception in thread "Thread-51" java.lang.UnsupportedOperationException: Unimplemented method 'lock'
	at kas.concurrente.TTASLock.lock(TTASLock.java:8)
	at kas.concurrente.Counter.getAndIncrement(LockTest.java:106)
	at kas.concurrente.LockTest.incrementaContador(LockTest.java:22)
	at kas.concurrente.LockTest.lambda$ejecutaPrueba$0(LockTest.java:38)
	at java.base/java.lang.Thread.run(Thread.java:1623)
Exception in thread "Thread-52" java.lang.UnsupportedOperationException: Unimplemented method 'lock'
	at kas.concurrente.TTASLock.lock(TTASLock.java:8)
	at kas.concurrente.Counter.getAndIncrement(LockTest.java:106)
	at kas.concurrente.LockTest.incrementaContador(LockTest.java:22)
	at kas.concurrente.LockTest.lambda$ejecutaPrueba$0(LockTest.java:38)
	at java.base/java.lang.Thread.run(Thread.java:1623)
Exception in thread "Thread-54" java.lang.UnsupportedOperationException: Unimplemented method 'lock'
	at kas.concurrente.TTASLock.lock(TTASLock.java:8)
	at kas.concurrente.Counter.getAndIncrement(LockTest.java:106)
	at kas.concurrente.LockTest.incrementaContador(LockTest.java:22)
	at kas.concurrente.LockTest.lambda$ejecutaPrueba$0(LockTest.java:38)
	at java.base/java.lang.Thread.run(Thread.java:1623)
Exception in thread "Thread-53" Exception in thread "Thread-56" java.lang.UnsupportedOperationException: Unimplemented method 'lock'
	at kas.concurrente.TTASLock.lock(TTASLock.java:8)
	at kas.concurrente.Counter.getAndIncrement(LockTest.java:106)
	at kas.concurrente.LockTest.incrementaContador(LockTest.java:22)
	at kas.concurrente.LockTest.lambda$ejecutaPrueba$0(LockTest.java:38)
	at java.base/java.lang.Thread.run(Thread.java:1623)
Exception in thread "Thread-58" java.lang.UnsupportedOperationException: Unimplemented method 'lock'
	at kas.concurrente.TTASLock.lock(TTASLock.java:8)
	at kas.concurrente.Counter.getAndIncrement(LockTest.java:106)
	at kas.concurrente.LockTest.incrementaContador(LockTest.java:22)
	at kas.concurrente.LockTest.lambda$ejecutaPrueba$0(LockTest.java:38)
	at java.base/java.lang.Thread.run(Thread.java:1623)
Exception in thread "Thread-55" java.lang.UnsupportedOperationException: Unimplemented method 'lock'
	at kas.concurrente.TTASLock.lock(TTASLock.java:8)
	at kas.concurrente.Counter.getAndIncrement(LockTest.java:106)
	at kas.concurrente.LockTest.incrementaContador(LockTest.java:22)
	at kas.concurrente.LockTest.lambda$ejecutaPrueba$0(LockTest.java:38)
	at java.base/java.lang.Thread.run(Thread.java:1623)
Exception in thread "Thread-62" java.lang.UnsupportedOperationException: Unimplemented method 'lock'
	at kas.concurrente.TTASLock.lock(TTASLock.java:8)
	at kas.concurrente.Counter.getAndIncrement(LockTest.java:106)
	at kas.concurrente.LockTest.incrementaContador(LockTest.java:22)
	at kas.concurrente.LockTest.lambda$ejecutaPrueba$0(LockTest.java:38)
	at java.base/java.lang.Thread.run(Thread.java:1623)
Exception in thread "Thread-60" java.lang.UnsupportedOperationException: Unimplemented method 'lock'
	at kas.concurrente.TTASLock.lock(TTASLock.java:8)
	at kas.concurrente.Counter.getAndIncrement(LockTest.java:106)
	at kas.concurrente.LockTest.incrementaContador(LockTest.java:22)
	at kas.concurrente.LockTest.lambda$ejecutaPrueba$0(LockTest.java:38)
	at java.base/java.lang.Thread.run(Thread.java:1623)
Exception in thread "Thread-59" java.lang.UnsupportedOperationException: Unimplemented method 'lock'
	at kas.concurrente.TTASLock.lock(TTASLock.java:8)
	at kas.concurrente.Counter.getAndIncrement(LockTest.java:106)
	at kas.concurrente.LockTest.incrementaContador(LockTest.java:22)
	at kas.concurrente.LockTest.lambda$ejecutaPrueba$0(LockTest.java:38)
	at java.base/java.lang.Thread.run(Thread.java:1623)
Exception in thread "Thread-57" java.lang.UnsupportedOperationException: Unimplemented method 'lock'
	at kas.concurrente.TTASLock.lock(TTASLock.java:8)
	at kas.concurrente.Counter.getAndIncrement(LockTest.java:106)
	at kas.concurrente.LockTest.incrementaContador(LockTest.java:22)
	at kas.concurrente.LockTest.lambda$ejecutaPrueba$0(LockTest.java:38)
	at java.base/java.lang.Thread.run(Thread.java:1623)
java.lang.UnsupportedOperationException: Unimplemented method 'lock'
	at kas.concurrente.TTASLock.lock(TTASLock.java:8)
	at kas.concurrente.Counter.getAndIncrement(LockTest.java:106)
	at kas.concurrente.LockTest.incrementaContador(LockTest.java:22)
	at kas.concurrente.LockTest.lambda$ejecutaPrueba$0(LockTest.java:38)
	at java.base/java.lang.Thread.run(Thread.java:1623)
Exception in thread "Thread-66" java.lang.UnsupportedOperationException: Unimplemented method 'lock'
	at kas.concurrente.TTASLock.lock(TTASLock.java:8)
	at kas.concurrente.Counter.getAndIncrement(LockTest.java:106)
	at kas.concurrente.LockTest.incrementaContador(LockTest.java:22)
	at kas.concurrente.LockTest.lambda$ejecutaPrueba$0(LockTest.java:38)
	at java.base/java.lang.Thread.run(Thread.java:1623)
Exception in thread "Thread-65" java.lang.UnsupportedOperationException: Unimplemented method 'lock'
	at kas.concurrente.TTASLock.lock(TTASLock.java:8)
	at kas.concurrente.Counter.getAndIncrement(LockTest.java:106)
	at kas.concurrente.LockTest.incrementaContador(LockTest.java:22)
	at kas.concurrente.LockTest.lambda$ejecutaPrueba$0(LockTest.java:38)
	at java.base/java.lang.Thread.run(Thread.java:1623)
Exception in thread "Thread-64" java.lang.UnsupportedOperationException: Unimplemented method 'lock'
	at kas.concurrente.TTASLock.lock(TTASLock.java:8)
	at kas.concurrente.Counter.getAndIncrement(LockTest.java:106)
	at kas.concurrente.LockTest.incrementaContador(LockTest.java:22)
	at kas.concurrente.LockTest.lambda$ejecutaPrueba$0(LockTest.java:38)
	at java.base/java.lang.Thread.run(Thread.java:1623)
Exception in thread "Thread-63" java.lang.UnsupportedOperationException: Unimplemented method 'lock'
	at kas.concurrente.TTASLock.lock(TTASLock.java:8)
	at kas.concurrente.Counter.getAndIncrement(LockTest.java:106)
	at kas.concurrente.LockTest.incrementaContador(LockTest.java:22)
	at kas.concurrente.LockTest.lambda$ejecutaPrueba$0(LockTest.java:38)
	at java.base/java.lang.Thread.run(Thread.java:1623)
Exception in thread "Thread-73" java.lang.UnsupportedOperationException: Unimplemented method 'lock'
	at kas.concurrente.TTASLock.lock(TTASLock.java:8)
	at kas.concurrente.Counter.getAndIncrement(LockTest.java:106)
	at kas.concurrente.LockTest.incrementaContador(LockTest.java:22)
	at kas.concurrente.LockTest.lambda$ejecutaPrueba$0(LockTest.java:38)
	at java.base/java.lang.Thread.run(Thread.java:1623)
Exception in thread "Thread-61" java.lang.UnsupportedOperationException: Unimplemented method 'lock'
	at kas.concurrente.TTASLock.lock(TTASLock.java:8)
	at kas.concurrente.Counter.getAndIncrement(LockTest.java:106)
	at kas.concurrente.LockTest.incrementaContador(LockTest.java:22)
	at kas.concurrente.LockTest.lambda$ejecutaPrueba$0(LockTest.java:38)
	at java.base/java.lang.Thread.run(Thread.java:1623)
Exception in thread "Thread-76" java.lang.UnsupportedOperationException: Unimplemented method 'lock'
	at kas.concurrente.TTASLock.lock(TTASLock.java:8)
	at kas.concurrente.Counter.getAndIncrement(LockTest.java:106)
	at kas.concurrente.LockTest.incrementaContador(LockTest.java:22)
	at kas.concurrente.LockTest.lambda$ejecutaPrueba$0(LockTest.java:38)
	at java.base/java.lang.Thread.run(Thread.java:1623)
Exception in thread "Thread-74" java.lang.UnsupportedOperationException: Unimplemented method 'lock'
	at kas.concurrente.TTASLock.lock(TTASLock.java:8)
	at kas.concurrente.Counter.getAndIncrement(LockTest.java:106)
	at kas.concurrente.LockTest.incrementaContador(LockTest.java:22)
	at kas.concurrente.LockTest.lambda$ejecutaPrueba$0(LockTest.java:38)
	at java.base/java.lang.Thread.run(Thread.java:1623)
Exception in thread "Thread-72" java.lang.UnsupportedOperationException: Unimplemented method 'lock'
	at kas.concurrente.TTASLock.lock(TTASLock.java:8)
	at kas.concurrente.Counter.getAndIncrement(LockTest.java:106)
	at kas.concurrente.LockTest.incrementaContador(LockTest.java:22)
	at kas.concurrente.LockTest.lambda$ejecutaPrueba$0(LockTest.java:38)
	at java.base/java.lang.Thread.run(Thread.java:1623)
Exception in thread "Thread-79" java.lang.UnsupportedOperationException: Unimplemented method 'lock'
	at kas.concurrente.TTASLock.lock(TTASLock.java:8)
	at kas.concurrente.Counter.getAndIncrement(LockTest.java:106)
	at kas.concurrente.LockTest.incrementaContador(LockTest.java:22)
	at kas.concurrente.LockTest.lambda$ejecutaPrueba$0(LockTest.java:38)
	at java.base/java.lang.Thread.run(Thread.java:1623)
Exception in thread "Thread-80" java.lang.UnsupportedOperationException: Unimplemented method 'lock'
	at kas.concurrente.TTASLock.lock(TTASLock.java:8)
	at kas.concurrente.Counter.getAndIncrement(LockTest.java:106)
	at kas.concurrente.LockTest.incrementaContador(LockTest.java:22)
	at kas.concurrente.LockTest.lambda$ejecutaPrueba$0(LockTest.java:38)
	at java.base/java.lang.Thread.run(Thread.java:1623)
Exception in thread "Thread-71" java.lang.UnsupportedOperationException: Unimplemented method 'lock'
	at kas.concurrente.TTASLock.lock(TTASLock.java:8)
	at kas.concurrente.Counter.getAndIncrement(LockTest.java:106)
	at kas.concurrente.LockTest.incrementaContador(LockTest.java:22)
	at kas.concurrente.LockTest.lambda$ejecutaPrueba$0(LockTest.java:38)
	at java.base/java.lang.Thread.run(Thread.java:1623)
Exception in thread "Thread-85" java.lang.UnsupportedOperationException: Unimplemented method 'lock'
	at kas.concurrente.TTASLock.lock(TTASLock.java:8)
	at kas.concurrente.Counter.getAndIncrement(LockTest.java:106)
	at kas.concurrente.LockTest.incrementaContador(LockTest.java:22)
	at kas.concurrente.LockTest.lambda$ejecutaPrueba$0(LockTest.java:38)
	at java.base/java.lang.Thread.run(Thread.java:1623)
Exception in thread "Thread-70" java.lang.UnsupportedOperationException: Unimplemented method 'lock'
	at kas.concurrente.TTASLock.lock(TTASLock.java:8)
	at kas.concurrente.Counter.getAndIncrement(LockTest.java:106)
	at kas.concurrente.LockTest.incrementaContador(LockTest.java:22)
	at kas.concurrente.LockTest.lambda$ejecutaPrueba$0(LockTest.java:38)
	at java.base/java.lang.Thread.run(Thread.java:1623)
Exception in thread "Thread-69" java.lang.UnsupportedOperationException: Unimplemented method 'lock'
	at kas.concurrente.TTASLock.lock(TTASLock.java:8)
	at kas.concurrente.Counter.getAndIncrement(LockTest.java:106)
	at kas.concurrente.LockTest.incrementaContador(LockTest.java:22)
	at kas.concurrente.LockTest.lambda$ejecutaPrueba$0(LockTest.java:38)
	at java.base/java.lang.Thread.run(Thread.java:1623)
Exception in thread "Thread-68" java.lang.UnsupportedOperationException: Unimplemented method 'lock'
	at kas.concurrente.TTASLock.lock(TTASLock.java:8)
	at kas.concurrente.Counter.getAndIncrement(LockTest.java:106)
	at kas.concurrente.LockTest.incrementaContador(LockTest.java:22)
	at kas.concurrente.LockTest.lambda$ejecutaPrueba$0(LockTest.java:38)
	at java.base/java.lang.Thread.run(Thread.java:1623)
Exception in thread "Thread-67" java.lang.UnsupportedOperationException: Unimplemented method 'lock'
	at kas.concurrente.TTASLock.lock(TTASLock.java:8)
	at kas.concurrente.Counter.getAndIncrement(LockTest.java:106)
	at kas.concurrente.LockTest.incrementaContador(LockTest.java:22)
	at kas.concurrente.LockTest.lambda$ejecutaPrueba$0(LockTest.java:38)
	at java.base/java.lang.Thread.run(Thread.java:1623)
Exception in thread "Thread-89" java.lang.UnsupportedOperationException: Unimplemented method 'lock'
	at kas.concurrente.TTASLock.lock(TTASLock.java:8)
	at kas.concurrente.Counter.getAndIncrement(LockTest.java:106)
	at kas.concurrente.LockTest.incrementaContador(LockTest.java:22)
	at kas.concurrente.LockTest.lambda$ejecutaPrueba$0(LockTest.java:38)
	at java.base/java.lang.Thread.run(Thread.java:1623)
Exception in thread "Thread-88" java.lang.UnsupportedOperationException: Unimplemented method 'lock'
	at kas.concurrente.TTASLock.lock(TTASLock.java:8)
	at kas.concurrente.Counter.getAndIncrement(LockTest.java:106)
	at kas.concurrente.LockTest.incrementaContador(LockTest.java:22)
	at kas.concurrente.LockTest.lambda$ejecutaPrueba$0(LockTest.java:38)
	at java.base/java.lang.Thread.run(Thread.java:1623)
Exception in thread "Thread-87" Exception in thread "Thread-94" java.lang.UnsupportedOperationException: Unimplemented method 'lock'
	at kas.concurrente.TTASLock.lock(TTASLock.java:8)
	at kas.concurrente.Counter.getAndIncrement(LockTest.java:106)
	at kas.concurrente.LockTest.incrementaContador(LockTest.java:22)
	at kas.concurrente.LockTest.lambda$ejecutaPrueba$0(LockTest.java:38)
	at java.base/java.lang.Thread.run(Thread.java:1623)
Exception in thread "Thread-95" java.lang.UnsupportedOperationException: Unimplemented method 'lock'
	at kas.concurrente.TTASLock.lock(TTASLock.java:8)
	at kas.concurrente.Counter.getAndIncrement(LockTest.java:106)
	at kas.concurrente.LockTest.incrementaContador(LockTest.java:22)
	at kas.concurrente.LockTest.lambda$ejecutaPrueba$0(LockTest.java:38)
	at java.base/java.lang.Thread.run(Thread.java:1623)
Exception in thread "Thread-86" java.lang.UnsupportedOperationException: Unimplemented method 'lock'
	at kas.concurrente.TTASLock.lock(TTASLock.java:8)
	at kas.concurrente.Counter.getAndIncrement(LockTest.java:106)
	at kas.concurrente.LockTest.incrementaContador(LockTest.java:22)
	at kas.concurrente.LockTest.lambda$ejecutaPrueba$0(LockTest.java:38)
	at java.base/java.lang.Thread.run(Thread.java:1623)
Exception in thread "Thread-84" Exception in thread "Thread-98" Exception in thread "Thread-83" java.lang.UnsupportedOperationException: Unimplemented method 'lock'
	at kas.concurrente.TTASLock.lock(TTASLock.java:8)
	at kas.concurrente.Counter.getAndIncrement(LockTest.java:106)
	at kas.concurrente.LockTest.incrementaContador(LockTest.java:22)
	at kas.concurrente.LockTest.lambda$ejecutaPrueba$0(LockTest.java:38)
	at java.base/java.lang.Thread.run(Thread.java:1623)
Exception in thread "Thread-82" java.lang.UnsupportedOperationException: Unimplemented method 'lock'
	at kas.concurrente.TTASLock.lock(TTASLock.java:8)
	at kas.concurrente.Counter.getAndIncrement(LockTest.java:106)
	at kas.concurrente.LockTest.incrementaContador(LockTest.java:22)
	at kas.concurrente.LockTest.lambda$ejecutaPrueba$0(LockTest.java:38)
	at java.base/java.lang.Thread.run(Thread.java:1623)
Exception in thread "Thread-81" java.lang.UnsupportedOperationException: Unimplemented method 'lock'
	at kas.concurrente.TTASLock.lock(TTASLock.java:8)
	at kas.concurrente.Counter.getAndIncrement(LockTest.java:106)
	at kas.concurrente.LockTest.incrementaContador(LockTest.java:22)
	at kas.concurrente.LockTest.lambda$ejecutaPrueba$0(LockTest.java:38)
	at java.base/java.lang.Thread.run(Thread.java:1623)
Exception in thread "Thread-78" java.lang.UnsupportedOperationException: Unimplemented method 'lock'
	at kas.concurrente.TTASLock.lock(TTASLock.java:8)
	at kas.concurrente.Counter.getAndIncrement(LockTest.java:106)
	at kas.concurrente.LockTest.incrementaContador(LockTest.java:22)
	at kas.concurrente.LockTest.lambda$ejecutaPrueba$0(LockTest.java:38)
	at java.base/java.lang.Thread.run(Thread.java:1623)
Exception in thread "Thread-77" java.lang.UnsupportedOperationException: Unimplemented method 'lock'
	at kas.concurrente.TTASLock.lock(TTASLock.java:8)
	at kas.concurrente.Counter.getAndIncrement(LockTest.java:106)
	at kas.concurrente.LockTest.incrementaContador(LockTest.java:22)
	at kas.concurrente.LockTest.lambda$ejecutaPrueba$0(LockTest.java:38)
	at java.base/java.lang.Thread.run(Thread.java:1623)
Exception in thread "Thread-75" java.lang.UnsupportedOperationException: Unimplemented method 'lock'
	at kas.concurrente.TTASLock.lock(TTASLock.java:8)
	at kas.concurrente.Counter.getAndIncrement(LockTest.java:106)
	at kas.concurrente.LockTest.incrementaContador(LockTest.java:22)
	at kas.concurrente.LockTest.lambda$ejecutaPrueba$0(LockTest.java:38)
	at java.base/java.lang.Thread.run(Thread.java:1623)
Exception in thread "Thread-101" java.lang.UnsupportedOperationException: Unimplemented method 'lock'
	at kas.concurrente.TTASLock.lock(TTASLock.java:8)
	at kas.concurrente.Counter.getAndIncrement(LockTest.java:106)
	at kas.concurrente.LockTest.incrementaContador(LockTest.java:22)
	at kas.concurrente.LockTest.lambda$ejecutaPrueba$0(LockTest.java:38)
	at java.base/java.lang.Thread.run(Thread.java:1623)
Exception in thread "Thread-100" java.lang.UnsupportedOperationException: Unimplemented method 'lock'
	at kas.concurrente.TTASLock.lock(TTASLock.java:8)
	at kas.concurrente.Counter.getAndIncrement(LockTest.java:106)
	at kas.concurrente.LockTest.incrementaContador(LockTest.java:22)
	at kas.concurrente.LockTest.lambda$ejecutaPrueba$0(LockTest.java:38)
	at java.base/java.lang.Thread.run(Thread.java:1623)
Exception in thread "Thread-99" java.lang.UnsupportedOperationException: Unimplemented method 'lock'
	at kas.concurrente.TTASLock.lock(TTASLock.java:8)
	at kas.concurrente.Counter.getAndIncrement(LockTest.java:106)
	at kas.concurrente.LockTest.incrementaContador(LockTest.java:22)
	at kas.concurrente.LockTest.lambda$ejecutaPrueba$0(LockTest.java:38)
	at java.base/java.lang.Thread.run(Thread.java:1623)
java.lang.UnsupportedOperationException: Unimplemented method 'lock'
	at kas.concurrente.TTASLock.lock(TTASLock.java:8)
	at kas.concurrente.Counter.getAndIncrement(LockTest.java:106)
	at kas.concurrente.LockTest.incrementaContador(LockTest.java:22)
	at kas.concurrente.LockTest.lambda$ejecutaPrueba$0(LockTest.java:38)
	at java.base/java.lang.Thread.run(Thread.java:1623)
Exception in thread "Thread-97" java.lang.UnsupportedOperationException: Unimplemented method 'lock'
	at kas.concurrente.TTASLock.lock(TTASLock.java:8)
	at kas.concurrente.Counter.getAndIncrement(LockTest.java:106)
	at kas.concurrente.LockTest.incrementaContador(LockTest.java:22)
	at kas.concurrente.LockTest.lambda$ejecutaPrueba$0(LockTest.java:38)
	at java.base/java.lang.Thread.run(Thread.java:1623)
java.lang.UnsupportedOperationException: Unimplemented method 'lock'
	at kas.concurrente.TTASLock.lock(TTASLock.java:8)
	at kas.concurrente.Counter.getAndIncrement(LockTest.java:106)
	at kas.concurrente.LockTest.incrementaContador(LockTest.java:22)
	at kas.concurrente.LockTest.lambda$ejecutaPrueba$0(LockTest.java:38)
	at java.base/java.lang.Thread.run(Thread.java:1623)
Exception in thread "Thread-96" java.lang.UnsupportedOperationException: Unimplemented method 'lock'
	at kas.concurrente.TTASLock.lock(TTASLock.java:8)
	at kas.concurrente.Counter.getAndIncrement(LockTest.java:106)
	at kas.concurrente.LockTest.incrementaContador(LockTest.java:22)
	at kas.concurrente.LockTest.lambda$ejecutaPrueba$0(LockTest.java:38)
	at java.base/java.lang.Thread.run(Thread.java:1623)
java.lang.UnsupportedOperationException: Unimplemented method 'lock'
	at kas.concurrente.TTASLock.lock(TTASLock.java:8)
	at kas.concurrente.Counter.getAndIncrement(LockTest.java:106)
	at kas.concurrente.LockTest.incrementaContador(LockTest.java:22)
	at kas.concurrente.LockTest.lambda$ejecutaPrueba$0(LockTest.java:38)
	at java.base/java.lang.Thread.run(Thread.java:1623)
Exception in thread "Thread-93" java.lang.UnsupportedOperationException: Unimplemented method 'lock'
	at kas.concurrente.TTASLock.lock(TTASLock.java:8)
	at kas.concurrente.Counter.getAndIncrement(LockTest.java:106)
	at kas.concurrente.LockTest.incrementaContador(LockTest.java:22)
	at kas.concurrente.LockTest.lambda$ejecutaPrueba$0(LockTest.java:38)
	at java.base/java.lang.Thread.run(Thread.java:1623)
Exception in thread "Thread-92" java.lang.UnsupportedOperationException: Unimplemented method 'lock'
	at kas.concurrente.TTASLock.lock(TTASLock.java:8)
	at kas.concurrente.Counter.getAndIncrement(LockTest.java:106)
	at kas.concurrente.LockTest.incrementaContador(LockTest.java:22)
	at kas.concurrente.LockTest.lambda$ejecutaPrueba$0(LockTest.java:38)
	at java.base/java.lang.Thread.run(Thread.java:1623)
Exception in thread "Thread-91" java.lang.UnsupportedOperationException: Unimplemented method 'lock'
	at kas.concurrente.TTASLock.lock(TTASLock.java:8)
	at kas.concurrente.Counter.getAndIncrement(LockTest.java:106)
	at kas.concurrente.LockTest.incrementaContador(LockTest.java:22)
	at kas.concurrente.LockTest.lambda$ejecutaPrueba$0(LockTest.java:38)
	at java.base/java.lang.Thread.run(Thread.java:1623)
Exception in thread "Thread-90" java.lang.UnsupportedOperationException: Unimplemented method 'lock'
	at kas.concurrente.TTASLock.lock(TTASLock.java:8)
	at kas.concurrente.Counter.getAndIncrement(LockTest.java:106)
	at kas.concurrente.LockTest.incrementaContador(LockTest.java:22)
	at kas.concurrente.LockTest.lambda$ejecutaPrueba$0(LockTest.java:38)
	at java.base/java.lang.Thread.run(Thread.java:1623)
]]></system-err>
  </testcase>
  <testcase name="backoffLock" classname="kas.concurrente.LockTest" time="0.003">
    <failure message="expected: &lt;1000000&gt; but was: &lt;0&gt;" type="org.opentest4j.AssertionFailedError"><![CDATA[org.opentest4j.AssertionFailedError: expected: <1000000> but was: <0>
	at kas.concurrente.LockTest.ejecutaPrueba(LockTest.java:49)
	at kas.concurrente.LockTest.backoffLock(LockTest.java:68)
]]></failure>
    <system-err><![CDATA[Exception in thread "Thread-102" java.lang.UnsupportedOperationException: Unimplemented method 'lock'
	at kas.concurrente.BackoffLock.lock(BackoffLock.java:8)
	at kas.concurrente.Counter.getAndIncrement(LockTest.java:106)
	at kas.concurrente.LockTest.incrementaContador(LockTest.java:22)
	at kas.concurrente.LockTest.lambda$ejecutaPrueba$0(LockTest.java:38)
	at java.base/java.lang.Thread.run(Thread.java:1623)
Exception in thread "Thread-104" Exception in thread "Thread-106" java.lang.UnsupportedOperationException: Unimplemented method 'lock'
	at kas.concurrente.BackoffLock.lock(BackoffLock.java:8)
	at kas.concurrente.Counter.getAndIncrement(LockTest.java:106)
	at kas.concurrente.LockTest.incrementaContador(LockTest.java:22)
	at kas.concurrente.LockTest.lambda$ejecutaPrueba$0(LockTest.java:38)
	at java.base/java.lang.Thread.run(Thread.java:1623)
Exception in thread "Thread-108" java.lang.UnsupportedOperationException: Unimplemented method 'lock'
	at kas.concurrente.BackoffLock.lock(BackoffLock.java:8)
	at kas.concurrente.Counter.getAndIncrement(LockTest.java:106)
	at kas.concurrente.LockTest.incrementaContador(LockTest.java:22)
	at kas.concurrente.LockTest.lambda$ejecutaPrueba$0(LockTest.java:38)
	at java.base/java.lang.Thread.run(Thread.java:1623)
Exception in thread "Thread-105" java.lang.UnsupportedOperationException: Unimplemented method 'lock'
	at kas.concurrente.BackoffLock.lock(BackoffLock.java:8)
	at kas.concurrente.Counter.getAndIncrement(LockTest.java:106)
	at kas.concurrente.LockTest.incrementaContador(LockTest.java:22)
	at kas.concurrente.LockTest.lambda$ejecutaPrueba$0(LockTest.java:38)
	at java.base/java.lang.Thread.run(Thread.java:1623)
Exception in thread "Thread-111" java.lang.UnsupportedOperationException: Unimplemented method 'lock'
	at kas.concurrente.BackoffLock.lock(BackoffLock.java:8)
	at kas.concurrente.Counter.getAndIncrement(LockTest.java:106)
	at kas.concurrente.LockTest.incrementaContador(LockTest.java:22)
	at kas.concurrente.LockTest.lambda$ejecutaPrueba$0(LockTest.java:38)
	at java.base/java.lang.Thread.run(Thread.java:1623)
Exception in thread "Thread-103" java.lang.UnsupportedOperationException: Unimplemented method 'lock'
	at kas.concurrente.BackoffLock.lock(BackoffLock.java:8)
	at kas.concurrente.Counter.getAndIncrement(LockTest.java:106)
	at kas.concurrente.LockTest.incrementaContador(LockTest.java:22)
	at kas.concurrente.LockTest.lambda$ejecutaPrueba$0(LockTest.java:38)
	at java.base/java.lang.Thread.run(Thread.java:1623)
Exception in thread "Thread-110" java.lang.UnsupportedOperationException: Unimplemented method 'lock'
	at kas.concurrente.BackoffLock.lock(BackoffLock.java:8)
	at kas.concurrente.Counter.getAndIncrement(LockTest.java:106)
	at kas.concurrente.LockTest.incrementaContador(LockTest.java:22)
	at kas.concurrente.LockTest.lambda$ejecutaPrueba$0(LockTest.java:38)
	at java.base/java.lang.Thread.run(Thread.java:1623)
Exception in thread "Thread-109" java.lang.UnsupportedOperationException: Unimplemented method 'lock'
	at kas.concurrente.BackoffLock.lock(BackoffLock.java:8)
	at kas.concurrente.Counter.getAndIncrement(LockTest.java:106)
	at kas.concurrente.LockTest.incrementaContador(LockTest.java:22)
	at kas.concurrente.LockTest.lambda$ejecutaPrueba$0(LockTest.java:38)
	at java.base/java.lang.Thread.run(Thread.java:1623)
Exception in thread "Thread-107" java.lang.UnsupportedOperationException: Unimplemented method 'lock'
	at kas.concurrente.BackoffLock.lock(BackoffLock.java:8)
	at kas.concurrente.Counter.getAndIncrement(LockTest.java:106)
	at kas.concurrente.LockTest.incrementaContador(LockTest.java:22)
	at kas.concurrente.LockTest.lambda$ejecutaPrueba$0(LockTest.java:38)
	at java.base/java.lang.Thread.run(Thread.java:1623)
Exception in thread "Thread-116" java.lang.UnsupportedOperationException: Unimplemented method 'lock'
	at kas.concurrente.BackoffLock.lock(BackoffLock.java:8)
	at kas.concurrente.Counter.getAndIncrement(LockTest.java:106)
	at kas.concurrente.LockTest.incrementaContador(LockTest.java:22)
	at kas.concurrente.LockTest.lambda$ejecutaPrueba$0(LockTest.java:38)
	at java.base/java.lang.Thread.run(Thread.java:1623)
java.lang.UnsupportedOperationException: Unimplemented method 'lock'
	at kas.concurrente.BackoffLock.lock(BackoffLock.java:8)
	at kas.concurrente.Counter.getAndIncrement(LockTest.java:106)
	at kas.concurrente.LockTest.incrementaContador(LockTest.java:22)
	at kas.concurrente.LockTest.lambda$ejecutaPrueba$0(LockTest.java:38)
	at java.base/java.lang.Thread.run(Thread.java:1623)
Exception in thread "Thread-117" java.lang.UnsupportedOperationException: Unimplemented method 'lock'
	at kas.concurrente.BackoffLock.lock(BackoffLock.java:8)
	at kas.concurrente.Counter.getAndIncrement(LockTest.java:106)
	at kas.concurrente.LockTest.incrementaContador(LockTest.java:22)
	at kas.concurrente.LockTest.lambda$ejecutaPrueba$0(LockTest.java:38)
	at java.base/java.lang.Thread.run(Thread.java:1623)
Exception in thread "Thread-115" Exception in thread "Thread-120" Exception in thread "Thread-114" java.lang.UnsupportedOperationException: Unimplemented method 'lock'
	at kas.concurrente.BackoffLock.lock(BackoffLock.java:8)
	at kas.concurrente.Counter.getAndIncrement(LockTest.java:106)
	at kas.concurrente.LockTest.incrementaContador(LockTest.java:22)
	at kas.concurrente.LockTest.lambda$ejecutaPrueba$0(LockTest.java:38)
	at java.base/java.lang.Thread.run(Thread.java:1623)
Exception in thread "Thread-124" java.lang.UnsupportedOperationException: Unimplemented method 'lock'
	at kas.concurrente.BackoffLock.lock(BackoffLock.java:8)
	at kas.concurrente.Counter.getAndIncrement(LockTest.java:106)
	at kas.concurrente.LockTest.incrementaContador(LockTest.java:22)
	at kas.concurrente.LockTest.lambda$ejecutaPrueba$0(LockTest.java:38)
	at java.base/java.lang.Thread.run(Thread.java:1623)
Exception in thread "Thread-113" java.lang.UnsupportedOperationException: Unimplemented method 'lock'
	at kas.concurrente.BackoffLock.lock(BackoffLock.java:8)
	at kas.concurrente.Counter.getAndIncrement(LockTest.java:106)
	at kas.concurrente.LockTest.incrementaContador(LockTest.java:22)
	at kas.concurrente.LockTest.lambda$ejecutaPrueba$0(LockTest.java:38)
	at java.base/java.lang.Thread.run(Thread.java:1623)
Exception in thread "Thread-112" java.lang.UnsupportedOperationException: Unimplemented method 'lock'
	at kas.concurrente.BackoffLock.lock(BackoffLock.java:8)
	at kas.concurrente.Counter.getAndIncrement(LockTest.java:106)
	at kas.concurrente.LockTest.incrementaContador(LockTest.java:22)
	at kas.concurrente.LockTest.lambda$ejecutaPrueba$0(LockTest.java:38)
	at java.base/java.lang.Thread.run(Thread.java:1623)
Exception in thread "Thread-127" java.lang.UnsupportedOperationException: Unimplemented method 'lock'
	at kas.concurrente.BackoffLock.lock(BackoffLock.java:8)
	at kas.concurrente.Counter.getAndIncrement(LockTest.java:106)
	at kas.concurrente.LockTest.incrementaContador(LockTest.java:22)
	at kas.concurrente.LockTest.lambda$ejecutaPrueba$0(LockTest.java:38)
	at java.base/java.lang.Thread.run(Thread.java:1623)
Exception in thread "Thread-126" java.lang.UnsupportedOperationException: Unimplemented method 'lock'
	at kas.concurrente.BackoffLock.lock(BackoffLock.java:8)
	at kas.concurrente.Counter.getAndIncrement(LockTest.java:106)
	at kas.concurrente.LockTest.incrementaContador(LockTest.java:22)
	at kas.concurrente.LockTest.lambda$ejecutaPrueba$0(LockTest.java:38)
	at java.base/java.lang.Thread.run(Thread.java:1623)
Exception in thread "Thread-125" java.lang.UnsupportedOperationException: Unimplemented method 'lock'
	at kas.concurrente.BackoffLock.lock(BackoffLock.java:8)
	at kas.concurrente.Counter.getAndIncrement(LockTest.java:106)
	at kas.concurrente.LockTest.incrementaContador(LockTest.java:22)
	at kas.concurrente.LockTest.lambda$ejecutaPrueba$0(LockTest.java:38)
	at java.base/java.lang.Thread.run(Thread.java:1623)
Exception in thread "Thread-123" java.lang.UnsupportedOperationException: Unimplemented method 'lock'
	at kas.concurrente.BackoffLock.lock(BackoffLock.java:8)
	at kas.concurrente.Counter.getAndIncrement(LockTest.java:106)
	at kas.concurrente.LockTest.incrementaContador(LockTest.java:22)
	at kas.concurrente.LockTest.lambda$ejecutaPrueba$0(LockTest.java:38)
	at java.base/java.lang.Thread.run(Thread.java:1623)
Exception in thread "Thread-121" java.lang.UnsupportedOperationException: Unimplemented method 'lock'
	at kas.concurrente.BackoffLock.lock(BackoffLock.java:8)
	at kas.concurrente.Counter.getAndIncrement(LockTest.java:106)
	at kas.concurrente.LockTest.incrementaContador(LockTest.java:22)
	at kas.concurrente.LockTest.lambda$ejecutaPrueba$0(LockTest.java:38)
	at java.base/java.lang.Thread.run(Thread.java:1623)
Exception in thread "Thread-122" java.lang.UnsupportedOperationException: Unimplemented method 'lock'
	at kas.concurrente.BackoffLock.lock(BackoffLock.java:8)
	at kas.concurrente.Counter.getAndIncrement(LockTest.java:106)
	at kas.concurrente.LockTest.incrementaContador(LockTest.java:22)
	at kas.concurrente.LockTest.lambda$ejecutaPrueba$0(LockTest.java:38)
	at java.base/java.lang.Thread.run(Thread.java:1623)
java.lang.UnsupportedOperationException: Unimplemented method 'lock'
	at kas.concurrente.BackoffLock.lock(BackoffLock.java:8)
	at kas.concurrente.Counter.getAndIncrement(LockTest.java:106)
	at kas.concurrente.LockTest.incrementaContador(LockTest.java:22)
	at kas.concurrente.LockTest.lambda$ejecutaPrueba$0(LockTest.java:38)
	at java.base/java.lang.Thread.run(Thread.java:1623)
java.lang.UnsupportedOperationException: Unimplemented method 'lock'
	at kas.concurrente.BackoffLock.lock(BackoffLock.java:8)
	at kas.concurrente.Counter.getAndIncrement(LockTest.java:106)
	at kas.concurrente.LockTest.incrementaContador(LockTest.java:22)
	at kas.concurrente.LockTest.lambda$ejecutaPrueba$0(LockTest.java:38)
	at java.base/java.lang.Thread.run(Thread.java:1623)
Exception in thread "Thread-119" java.lang.UnsupportedOperationException: Unimplemented method 'lock'
	at kas.concurrente.BackoffLock.lock(BackoffLock.java:8)
	at kas.concurrente.Counter.getAndIncrement(LockTest.java:106)
	at kas.concurrente.LockTest.incrementaContador(LockTest.java:22)
	at kas.concurrente.LockTest.lambda$ejecutaPrueba$0(LockTest.java:38)
	at java.base/java.lang.Thread.run(Thread.java:1623)
Exception in thread "Thread-118" java.lang.UnsupportedOperationException: Unimplemented method 'lock'
	at kas.concurrente.BackoffLock.lock(BackoffLock.java:8)
	at kas.concurrente.Counter.getAndIncrement(LockTest.java:106)
	at kas.concurrente.LockTest.incrementaContador(LockTest.java:22)
	at kas.concurrente.LockTest.lambda$ejecutaPrueba$0(LockTest.java:38)
	at java.base/java.lang.Thread.run(Thread.java:1623)
Exception in thread "Thread-129" Exception in thread "Thread-131" java.lang.UnsupportedOperationException: Unimplemented method 'lock'
	at kas.concurrente.BackoffLock.lock(BackoffLock.java:8)
	at kas.concurrente.Counter.getAndIncrement(LockTest.java:106)
	at kas.concurrente.LockTest.incrementaContador(LockTest.java:22)
	at kas.concurrente.LockTest.lambda$ejecutaPrueba$0(LockTest.java:38)
	at java.base/java.lang.Thread.run(Thread.java:1623)
Exception in thread "Thread-130" java.lang.UnsupportedOperationException: Unimplemented method 'lock'
	at kas.concurrente.BackoffLock.lock(BackoffLock.java:8)
	at kas.concurrente.Counter.getAndIncrement(LockTest.java:106)
	at kas.concurrente.LockTest.incrementaContador(LockTest.java:22)
	at kas.concurrente.LockTest.lambda$ejecutaPrueba$0(LockTest.java:38)
	at java.base/java.lang.Thread.run(Thread.java:1623)
Exception in thread "Thread-134" java.lang.UnsupportedOperationException: Unimplemented method 'lock'
	at kas.concurrente.BackoffLock.lock(BackoffLock.java:8)
	at kas.concurrente.Counter.getAndIncrement(LockTest.java:106)
	at kas.concurrente.LockTest.incrementaContador(LockTest.java:22)
	at kas.concurrente.LockTest.lambda$ejecutaPrueba$0(LockTest.java:38)
	at java.base/java.lang.Thread.run(Thread.java:1623)
Exception in thread "Thread-128" java.lang.UnsupportedOperationException: Unimplemented method 'lock'
	at kas.concurrente.BackoffLock.lock(BackoffLock.java:8)
	at kas.concurrente.Counter.getAndIncrement(LockTest.java:106)
	at kas.concurrente.LockTest.incrementaContador(LockTest.java:22)
	at kas.concurrente.LockTest.lambda$ejecutaPrueba$0(LockTest.java:38)
	at java.base/java.lang.Thread.run(Thread.java:1623)
Exception in thread "Thread-137" java.lang.UnsupportedOperationException: Unimplemented method 'lock'
	at kas.concurrente.BackoffLock.lock(BackoffLock.java:8)
	at kas.concurrente.Counter.getAndIncrement(LockTest.java:106)
	at kas.concurrente.LockTest.incrementaContador(LockTest.java:22)
	at kas.concurrente.LockTest.lambda$ejecutaPrueba$0(LockTest.java:38)
	at java.base/java.lang.Thread.run(Thread.java:1623)
Exception in thread "Thread-138" java.lang.UnsupportedOperationException: Unimplemented method 'lock'
	at kas.concurrente.BackoffLock.lock(BackoffLock.java:8)
	at kas.concurrente.Counter.getAndIncrement(LockTest.java:106)
	at kas.concurrente.LockTest.incrementaContador(LockTest.java:22)
	at kas.concurrente.LockTest.lambda$ejecutaPrueba$0(LockTest.java:38)
	at java.base/java.lang.Thread.run(Thread.java:1623)
Exception in thread "Thread-135" java.lang.UnsupportedOperationException: Unimplemented method 'lock'
	at kas.concurrente.BackoffLock.lock(BackoffLock.java:8)
	at kas.concurrente.Counter.getAndIncrement(LockTest.java:106)
	at kas.concurrente.LockTest.incrementaContador(LockTest.java:22)
	at kas.concurrente.LockTest.lambda$ejecutaPrueba$0(LockTest.java:38)
	at java.base/java.lang.Thread.run(Thread.java:1623)
Exception in thread "Thread-133" java.lang.UnsupportedOperationException: Unimplemented method 'lock'
	at kas.concurrente.BackoffLock.lock(BackoffLock.java:8)
	at kas.concurrente.Counter.getAndIncrement(LockTest.java:106)
	at kas.concurrente.LockTest.incrementaContador(LockTest.java:22)
	at kas.concurrente.LockTest.lambda$ejecutaPrueba$0(LockTest.java:38)
	at java.base/java.lang.Thread.run(Thread.java:1623)
Exception in thread "Thread-132" java.lang.UnsupportedOperationException: Unimplemented method 'lock'
	at kas.concurrente.BackoffLock.lock(BackoffLock.java:8)
	at kas.concurrente.Counter.getAndIncrement(LockTest.java:106)
	at kas.concurrente.LockTest.incrementaContador(LockTest.java:22)
	at kas.concurrente.LockTest.lambda$ejecutaPrueba$0(LockTest.java:38)
	at java.base/java.lang.Thread.run(Thread.java:1623)
java.lang.UnsupportedOperationException: Unimplemented method 'lock'
	at kas.concurrente.BackoffLock.lock(BackoffLock.java:8)
	at kas.concurrente.Counter.getAndIncrement(LockTest.java:106)
	at kas.concurrente.LockTest.incrementaContador(LockTest.java:22)
	at kas.concurrente.LockTest.lambda$ejecutaPrueba$0(LockTest.java:38)
	at java.base/java.lang.Thread.run(Thread.java:1623)
Exception in thread "Thread-136" java.lang.UnsupportedOperationException: Unimplemented method 'lock'
	at kas.concurrente.BackoffLock.lock(BackoffLock.java:8)
	at kas.concurrente.Counter.getAndIncrement(LockTest.java:106)
	at kas.concurrente.LockTest.incrementaContador(LockTest.java:22)
	at kas.concurrente.LockTest.lambda$ejecutaPrueba$0(LockTest.java:38)
	at java.base/java.lang.Thread.run(Thread.java:1623)
Exception in thread "Thread-139" java.lang.UnsupportedOperationException: Unimplemented method 'lock'
	at kas.concurrente.BackoffLock.lock(BackoffLock.java:8)
	at kas.concurrente.Counter.getAndIncrement(LockTest.java:106)
	at kas.concurrente.LockTest.incrementaContador(LockTest.java:22)
	at kas.concurrente.LockTest.lambda$ejecutaPrueba$0(LockTest.java:38)
	at java.base/java.lang.Thread.run(Thread.java:1623)
Exception in thread "Thread-140" java.lang.UnsupportedOperationException: Unimplemented method 'lock'
	at kas.concurrente.BackoffLock.lock(BackoffLock.java:8)
	at kas.concurrente.Counter.getAndIncrement(LockTest.java:106)
	at kas.concurrente.LockTest.incrementaContador(LockTest.java:22)
	at kas.concurrente.LockTest.lambda$ejecutaPrueba$0(LockTest.java:38)
	at java.base/java.lang.Thread.run(Thread.java:1623)
Exception in thread "Thread-142" java.lang.UnsupportedOperationException: Unimplemented method 'lock'
	at kas.concurrente.BackoffLock.lock(BackoffLock.java:8)
	at kas.concurrente.Counter.getAndIncrement(LockTest.java:106)
	at kas.concurrente.LockTest.incrementaContador(LockTest.java:22)
	at kas.concurrente.LockTest.lambda$ejecutaPrueba$0(LockTest.java:38)
	at java.base/java.lang.Thread.run(Thread.java:1623)
Exception in thread "Thread-141" java.lang.UnsupportedOperationException: Unimplemented method 'lock'
	at kas.concurrente.BackoffLock.lock(BackoffLock.java:8)
	at kas.concurrente.Counter.getAndIncrement(LockTest.java:106)
	at kas.concurrente.LockTest.incrementaContador(LockTest.java:22)
	at kas.concurrente.LockTest.lambda$ejecutaPrueba$0(LockTest.java:38)
	at java.base/java.lang.Thread.run(Thread.java:1623)
Exception in thread "Thread-145" java.lang.UnsupportedOperationException: Unimplemented method 'lock'
	at kas.concurrente.BackoffLock.lock(BackoffLock.java:8)
	at kas.concurrente.Counter.getAndIncrement(LockTest.java:106)
	at kas.concurrente.LockTest.incrementaContador(LockTest.java:22)
	at kas.concurrente.LockTest.lambda$ejecutaPrueba$0(LockTest.java:38)
	at java.base/java.lang.Thread.run(Thread.java:1623)
Exception in thread "Thread-144" java.lang.UnsupportedOperationException: Unimplemented method 'lock'
	at kas.concurrente.BackoffLock.lock(BackoffLock.java:8)
	at kas.concurrente.Counter.getAndIncrement(LockTest.java:106)
	at kas.concurrente.LockTest.incrementaContador(LockTest.java:22)
	at kas.concurrente.LockTest.lambda$ejecutaPrueba$0(LockTest.java:38)
	at java.base/java.lang.Thread.run(Thread.java:1623)
Exception in thread "Thread-143" java.lang.UnsupportedOperationException: Unimplemented method 'lock'
	at kas.concurrente.BackoffLock.lock(BackoffLock.java:8)
	at kas.concurrente.Counter.getAndIncrement(LockTest.java:106)
	at kas.concurrente.LockTest.incrementaContador(LockTest.java:22)
	at kas.concurrente.LockTest.lambda$ejecutaPrueba$0(LockTest.java:38)
	at java.base/java.lang.Thread.run(Thread.java:1623)
Exception in thread "Thread-146" java.lang.UnsupportedOperationException: Unimplemented method 'lock'
	at kas.concurrente.BackoffLock.lock(BackoffLock.java:8)
	at kas.concurrente.Counter.getAndIncrement(LockTest.java:106)
	at kas.concurrente.LockTest.incrementaContador(LockTest.java:22)
	at kas.concurrente.LockTest.lambda$ejecutaPrueba$0(LockTest.java:38)
	at java.base/java.lang.Thread.run(Thread.java:1623)
Exception in thread "Thread-147" java.lang.UnsupportedOperationException: Unimplemented method 'lock'
	at kas.concurrente.BackoffLock.lock(BackoffLock.java:8)
	at kas.concurrente.Counter.getAndIncrement(LockTest.java:106)
	at kas.concurrente.LockTest.incrementaContador(LockTest.java:22)
	at kas.concurrente.LockTest.lambda$ejecutaPrueba$0(LockTest.java:38)
	at java.base/java.lang.Thread.run(Thread.java:1623)
Exception in thread "Thread-148" java.lang.UnsupportedOperationException: Unimplemented method 'lock'
	at kas.concurrente.BackoffLock.lock(BackoffLock.java:8)
	at kas.concurrente.Counter.getAndIncrement(LockTest.java:106)
	at kas.concurrente.LockTest.incrementaContador(LockTest.java:22)
	at kas.concurrente.LockTest.lambda$ejecutaPrueba$0(LockTest.java:38)
	at java.base/java.lang.Thread.run(Thread.java:1623)
Exception in thread "Thread-150" Exception in thread "Thread-151" java.lang.UnsupportedOperationException: Unimplemented method 'lock'
	at kas.concurrente.BackoffLock.lock(BackoffLock.java:8)
	at kas.concurrente.Counter.getAndIncrement(LockTest.java:106)
	at kas.concurrente.LockTest.incrementaContador(LockTest.java:22)
	at kas.concurrente.LockTest.lambda$ejecutaPrueba$0(LockTest.java:38)
	at java.base/java.lang.Thread.run(Thread.java:1623)
Exception in thread "Thread-149" java.lang.UnsupportedOperationException: Unimplemented method 'lock'
	at kas.concurrente.BackoffLock.lock(BackoffLock.java:8)
	at kas.concurrente.Counter.getAndIncrement(LockTest.java:106)
	at kas.concurrente.LockTest.incrementaContador(LockTest.java:22)
	at kas.concurrente.LockTest.lambda$ejecutaPrueba$0(LockTest.java:38)
	at java.base/java.lang.Thread.run(Thread.java:1623)
Exception in thread "Thread-152" java.lang.UnsupportedOperationException: Unimplemented method 'lock'
	at kas.concurrente.BackoffLock.lock(BackoffLock.java:8)
	at kas.concurrente.Counter.getAndIncrement(LockTest.java:106)
	at kas.concurrente.LockTest.incrementaContador(LockTest.java:22)
	at kas.concurrente.LockTest.lambda$ejecutaPrueba$0(LockTest.java:38)
	at java.base/java.lang.Thread.run(Thread.java:1623)
java.lang.UnsupportedOperationException: Unimplemented method 'lock'
	at kas.concurrente.BackoffLock.lock(BackoffLock.java:8)
	at kas.concurrente.Counter.getAndIncrement(LockTest.java:106)
	at kas.concurrente.LockTest.incrementaContador(LockTest.java:22)
	at kas.concurrente.LockTest.lambda$ejecutaPrueba$0(LockTest.java:38)
	at java.base/java.lang.Thread.run(Thread.java:1623)
]]></system-err>
  </testcase>
  <testcase name="aLock" classname="kas.concurrente.LockTest" time="0.002">
    <failure message="expected: &lt;1000000&gt; but was: &lt;0&gt;" type="org.opentest4j.AssertionFailedError"><![CDATA[org.opentest4j.AssertionFailedError: expected: <1000000> but was: <0>
	at kas.concurrente.LockTest.ejecutaPrueba(LockTest.java:49)
	at kas.concurrente.LockTest.aLock(LockTest.java:83)
]]></failure>
    <system-err><![CDATA[Exception in thread "Thread-153" java.lang.UnsupportedOperationException: Unimplemented method 'lock'
	at kas.concurrente.ALock.lock(ALock.java:14)
	at kas.concurrente.Counter.getAndIncrement(LockTest.java:106)
	at kas.concurrente.LockTest.incrementaContador(LockTest.java:22)
	at kas.concurrente.LockTest.lambda$ejecutaPrueba$0(LockTest.java:38)
	at java.base/java.lang.Thread.run(Thread.java:1623)
Exception in thread "Thread-154" java.lang.UnsupportedOperationException: Unimplemented method 'lock'
	at kas.concurrente.ALock.lock(ALock.java:14)
	at kas.concurrente.Counter.getAndIncrement(LockTest.java:106)
	at kas.concurrente.LockTest.incrementaContador(LockTest.java:22)
	at kas.concurrente.LockTest.lambda$ejecutaPrueba$0(LockTest.java:38)
	at java.base/java.lang.Thread.run(Thread.java:1623)
Exception in thread "Thread-155" java.lang.UnsupportedOperationException: Unimplemented method 'lock'
	at kas.concurrente.ALock.lock(ALock.java:14)
	at kas.concurrente.Counter.getAndIncrement(LockTest.java:106)
	at kas.concurrente.LockTest.incrementaContador(LockTest.java:22)
	at kas.concurrente.LockTest.lambda$ejecutaPrueba$0(LockTest.java:38)
	at java.base/java.lang.Thread.run(Thread.java:1623)
Exception in thread "Thread-156" java.lang.UnsupportedOperationException: Unimplemented method 'lock'
	at kas.concurrente.ALock.lock(ALock.java:14)
	at kas.concurrente.Counter.getAndIncrement(LockTest.java:106)
	at kas.concurrente.LockTest.incrementaContador(LockTest.java:22)
	at kas.concurrente.LockTest.lambda$ejecutaPrueba$0(LockTest.java:38)
	at java.base/java.lang.Thread.run(Thread.java:1623)
Exception in thread "Thread-157" java.lang.UnsupportedOperationException: Unimplemented method 'lock'
	at kas.concurrente.ALock.lock(ALock.java:14)
	at kas.concurrente.Counter.getAndIncrement(LockTest.java:106)
	at kas.concurrente.LockTest.incrementaContador(LockTest.java:22)
	at kas.concurrente.LockTest.lambda$ejecutaPrueba$0(LockTest.java:38)
	at java.base/java.lang.Thread.run(Thread.java:1623)
Exception in thread "Thread-158" java.lang.UnsupportedOperationException: Unimplemented method 'lock'
	at kas.concurrente.ALock.lock(ALock.java:14)
	at kas.concurrente.Counter.getAndIncrement(LockTest.java:106)
	at kas.concurrente.LockTest.incrementaContador(LockTest.java:22)
	at kas.concurrente.LockTest.lambda$ejecutaPrueba$0(LockTest.java:38)
	at java.base/java.lang.Thread.run(Thread.java:1623)
Exception in thread "Thread-159" java.lang.UnsupportedOperationException: Unimplemented method 'lock'
	at kas.concurrente.ALock.lock(ALock.java:14)
	at kas.concurrente.Counter.getAndIncrement(LockTest.java:106)
	at kas.concurrente.LockTest.incrementaContador(LockTest.java:22)
	at kas.concurrente.LockTest.lambda$ejecutaPrueba$0(LockTest.java:38)
	at java.base/java.lang.Thread.run(Thread.java:1623)
Exception in thread "Thread-161" java.lang.UnsupportedOperationException: Unimplemented method 'lock'
	at kas.concurrente.ALock.lock(ALock.java:14)
	at kas.concurrente.Counter.getAndIncrement(LockTest.java:106)
	at kas.concurrente.LockTest.incrementaContador(LockTest.java:22)
	at kas.concurrente.LockTest.lambda$ejecutaPrueba$0(LockTest.java:38)
	at java.base/java.lang.Thread.run(Thread.java:1623)
Exception in thread "Thread-160" java.lang.UnsupportedOperationException: Unimplemented method 'lock'
	at kas.concurrente.ALock.lock(ALock.java:14)
	at kas.concurrente.Counter.getAndIncrement(LockTest.java:106)
	at kas.concurrente.LockTest.incrementaContador(LockTest.java:22)
	at kas.concurrente.LockTest.lambda$ejecutaPrueba$0(LockTest.java:38)
	at java.base/java.lang.Thread.run(Thread.java:1623)
Exception in thread "Thread-162" java.lang.UnsupportedOperationException: Unimplemented method 'lock'
	at kas.concurrente.ALock.lock(ALock.java:14)
	at kas.concurrente.Counter.getAndIncrement(LockTest.java:106)
	at kas.concurrente.LockTest.incrementaContador(LockTest.java:22)
	at kas.concurrente.LockTest.lambda$ejecutaPrueba$0(LockTest.java:38)
	at java.base/java.lang.Thread.run(Thread.java:1623)
Exception in thread "Thread-164" java.lang.UnsupportedOperationException: Unimplemented method 'lock'
	at kas.concurrente.ALock.lock(ALock.java:14)
	at kas.concurrente.Counter.getAndIncrement(LockTest.java:106)
	at kas.concurrente.LockTest.incrementaContador(LockTest.java:22)
	at kas.concurrente.LockTest.lambda$ejecutaPrueba$0(LockTest.java:38)
	at java.base/java.lang.Thread.run(Thread.java:1623)
Exception in thread "Thread-163" java.lang.UnsupportedOperationException: Unimplemented method 'lock'
	at kas.concurrente.ALock.lock(ALock.java:14)
	at kas.concurrente.Counter.getAndIncrement(LockTest.java:106)
	at kas.concurrente.LockTest.incrementaContador(LockTest.java:22)
	at kas.concurrente.LockTest.lambda$ejecutaPrueba$0(LockTest.java:38)
	at java.base/java.lang.Thread.run(Thread.java:1623)
Exception in thread "Thread-165" java.lang.UnsupportedOperationException: Unimplemented method 'lock'
	at kas.concurrente.ALock.lock(ALock.java:14)
	at kas.concurrente.Counter.getAndIncrement(LockTest.java:106)
	at kas.concurrente.LockTest.incrementaContador(LockTest.java:22)
	at kas.concurrente.LockTest.lambda$ejecutaPrueba$0(LockTest.java:38)
	at java.base/java.lang.Thread.run(Thread.java:1623)
Exception in thread "Thread-166" java.lang.UnsupportedOperationException: Unimplemented method 'lock'
	at kas.concurrente.ALock.lock(ALock.java:14)
	at kas.concurrente.Counter.getAndIncrement(LockTest.java:106)
	at kas.concurrente.LockTest.incrementaContador(LockTest.java:22)
	at kas.concurrente.LockTest.lambda$ejecutaPrueba$0(LockTest.java:38)
	at java.base/java.lang.Thread.run(Thread.java:1623)
Exception in thread "Thread-167" java.lang.UnsupportedOperationException: Unimplemented method 'lock'
	at kas.concurrente.ALock.lock(ALock.java:14)
	at kas.concurrente.Counter.getAndIncrement(LockTest.java:106)
	at kas.concurrente.LockTest.incrementaContador(LockTest.java:22)
	at kas.concurrente.LockTest.lambda$ejecutaPrueba$0(LockTest.java:38)
	at java.base/java.lang.Thread.run(Thread.java:1623)
Exception in thread "Thread-168" java.lang.UnsupportedOperationException: Unimplemented method 'lock'
	at kas.concurrente.ALock.lock(ALock.java:14)
	at kas.concurrente.Counter.getAndIncrement(LockTest.java:106)
	at kas.concurrente.LockTest.incrementaContador(LockTest.java:22)
	at kas.concurrente.LockTest.lambda$ejecutaPrueba$0(LockTest.java:38)
	at java.base/java.lang.Thread.run(Thread.java:1623)
Exception in thread "Thread-170" java.lang.UnsupportedOperationException: Unimplemented method 'lock'
	at kas.concurrente.ALock.lock(ALock.java:14)
	at kas.concurrente.Counter.getAndIncrement(LockTest.java:106)
	at kas.concurrente.LockTest.incrementaContador(LockTest.java:22)
	at kas.concurrente.LockTest.lambda$ejecutaPrueba$0(LockTest.java:38)
	at java.base/java.lang.Thread.run(Thread.java:1623)
Exception in thread "Thread-169" java.lang.UnsupportedOperationException: Unimplemented method 'lock'
	at kas.concurrente.ALock.lock(ALock.java:14)
	at kas.concurrente.Counter.getAndIncrement(LockTest.java:106)
	at kas.concurrente.LockTest.incrementaContador(LockTest.java:22)
	at kas.concurrente.LockTest.lambda$ejecutaPrueba$0(LockTest.java:38)
	at java.base/java.lang.Thread.run(Thread.java:1623)
Exception in thread "Thread-171" java.lang.UnsupportedOperationException: Unimplemented method 'lock'
	at kas.concurrente.ALock.lock(ALock.java:14)
	at kas.concurrente.Counter.getAndIncrement(LockTest.java:106)
	at kas.concurrente.LockTest.incrementaContador(LockTest.java:22)
	at kas.concurrente.LockTest.lambda$ejecutaPrueba$0(LockTest.java:38)
	at java.base/java.lang.Thread.run(Thread.java:1623)
Exception in thread "Thread-172" java.lang.UnsupportedOperationException: Unimplemented method 'lock'
	at kas.concurrente.ALock.lock(ALock.java:14)
	at kas.concurrente.Counter.getAndIncrement(LockTest.java:106)
	at kas.concurrente.LockTest.incrementaContador(LockTest.java:22)
	at kas.concurrente.LockTest.lambda$ejecutaPrueba$0(LockTest.java:38)
	at java.base/java.lang.Thread.run(Thread.java:1623)
Exception in thread "Thread-173" java.lang.UnsupportedOperationException: Unimplemented method 'lock'
	at kas.concurrente.ALock.lock(ALock.java:14)
	at kas.concurrente.Counter.getAndIncrement(LockTest.java:106)
	at kas.concurrente.LockTest.incrementaContador(LockTest.java:22)
	at kas.concurrente.LockTest.lambda$ejecutaPrueba$0(LockTest.java:38)
	at java.base/java.lang.Thread.run(Thread.java:1623)
Exception in thread "Thread-174" java.lang.UnsupportedOperationException: Unimplemented method 'lock'
	at kas.concurrente.ALock.lock(ALock.java:14)
	at kas.concurrente.Counter.getAndIncrement(LockTest.java:106)
	at kas.concurrente.LockTest.incrementaContador(LockTest.java:22)
	at kas.concurrente.LockTest.lambda$ejecutaPrueba$0(LockTest.java:38)
	at java.base/java.lang.Thread.run(Thread.java:1623)
Exception in thread "Thread-175" java.lang.UnsupportedOperationException: Unimplemented method 'lock'
	at kas.concurrente.ALock.lock(ALock.java:14)
	at kas.concurrente.Counter.getAndIncrement(LockTest.java:106)
	at kas.concurrente.LockTest.incrementaContador(LockTest.java:22)
	at kas.concurrente.LockTest.lambda$ejecutaPrueba$0(LockTest.java:38)
	at java.base/java.lang.Thread.run(Thread.java:1623)
Exception in thread "Thread-176" java.lang.UnsupportedOperationException: Unimplemented method 'lock'
	at kas.concurrente.ALock.lock(ALock.java:14)
	at kas.concurrente.Counter.getAndIncrement(LockTest.java:106)
	at kas.concurrente.LockTest.incrementaContador(LockTest.java:22)
	at kas.concurrente.LockTest.lambda$ejecutaPrueba$0(LockTest.java:38)
	at java.base/java.lang.Thread.run(Thread.java:1623)
Exception in thread "Thread-179" java.lang.UnsupportedOperationException: Unimplemented method 'lock'
	at kas.concurrente.ALock.lock(ALock.java:14)
	at kas.concurrente.Counter.getAndIncrement(LockTest.java:106)
	at kas.concurrente.LockTest.incrementaContador(LockTest.java:22)
	at kas.concurrente.LockTest.lambda$ejecutaPrueba$0(LockTest.java:38)
	at java.base/java.lang.Thread.run(Thread.java:1623)
Exception in thread "Thread-178" Exception in thread "Thread-180" java.lang.UnsupportedOperationException: Unimplemented method 'lock'
	at kas.concurrente.ALock.lock(ALock.java:14)
	at kas.concurrente.Counter.getAndIncrement(LockTest.java:106)
	at kas.concurrente.LockTest.incrementaContador(LockTest.java:22)
	at kas.concurrente.LockTest.lambda$ejecutaPrueba$0(LockTest.java:38)
	at java.base/java.lang.Thread.run(Thread.java:1623)
Exception in thread "Thread-182" java.lang.UnsupportedOperationException: Unimplemented method 'lock'
	at kas.concurrente.ALock.lock(ALock.java:14)
	at kas.concurrente.Counter.getAndIncrement(LockTest.java:106)
	at kas.concurrente.LockTest.incrementaContador(LockTest.java:22)
	at kas.concurrente.LockTest.lambda$ejecutaPrueba$0(LockTest.java:38)
	at java.base/java.lang.Thread.run(Thread.java:1623)
Exception in thread "Thread-177" java.lang.UnsupportedOperationException: Unimplemented method 'lock'
	at kas.concurrente.ALock.lock(ALock.java:14)
	at kas.concurrente.Counter.getAndIncrement(LockTest.java:106)
	at kas.concurrente.LockTest.incrementaContador(LockTest.java:22)
	at kas.concurrente.LockTest.lambda$ejecutaPrueba$0(LockTest.java:38)
	at java.base/java.lang.Thread.run(Thread.java:1623)
Exception in thread "Thread-183" java.lang.UnsupportedOperationException: Unimplemented method 'lock'
	at kas.concurrente.ALock.lock(ALock.java:14)
	at kas.concurrente.Counter.getAndIncrement(LockTest.java:106)
	at kas.concurrente.LockTest.incrementaContador(LockTest.java:22)
	at kas.concurrente.LockTest.lambda$ejecutaPrueba$0(LockTest.java:38)
	at java.base/java.lang.Thread.run(Thread.java:1623)
Exception in thread "Thread-181" java.lang.UnsupportedOperationException: Unimplemented method 'lock'
	at kas.concurrente.ALock.lock(ALock.java:14)
	at kas.concurrente.Counter.getAndIncrement(LockTest.java:106)
	at kas.concurrente.LockTest.incrementaContador(LockTest.java:22)
	at kas.concurrente.LockTest.lambda$ejecutaPrueba$0(LockTest.java:38)
	at java.base/java.lang.Thread.run(Thread.java:1623)
java.lang.UnsupportedOperationException: Unimplemented method 'lock'
	at kas.concurrente.ALock.lock(ALock.java:14)
	at kas.concurrente.Counter.getAndIncrement(LockTest.java:106)
	at kas.concurrente.LockTest.incrementaContador(LockTest.java:22)
	at kas.concurrente.LockTest.lambda$ejecutaPrueba$0(LockTest.java:38)
	at java.base/java.lang.Thread.run(Thread.java:1623)
Exception in thread "Thread-185" java.lang.UnsupportedOperationException: Unimplemented method 'lock'
	at kas.concurrente.ALock.lock(ALock.java:14)
	at kas.concurrente.Counter.getAndIncrement(LockTest.java:106)
	at kas.concurrente.LockTest.incrementaContador(LockTest.java:22)
	at kas.concurrente.LockTest.lambda$ejecutaPrueba$0(LockTest.java:38)
	at java.base/java.lang.Thread.run(Thread.java:1623)
Exception in thread "Thread-184" Exception in thread "Thread-187" java.lang.UnsupportedOperationException: Unimplemented method 'lock'
	at kas.concurrente.ALock.lock(ALock.java:14)
	at kas.concurrente.Counter.getAndIncrement(LockTest.java:106)
	at kas.concurrente.LockTest.incrementaContador(LockTest.java:22)
	at kas.concurrente.LockTest.lambda$ejecutaPrueba$0(LockTest.java:38)
	at java.base/java.lang.Thread.run(Thread.java:1623)
Exception in thread "Thread-186" java.lang.UnsupportedOperationException: Unimplemented method 'lock'
	at kas.concurrente.ALock.lock(ALock.java:14)
	at kas.concurrente.Counter.getAndIncrement(LockTest.java:106)
	at kas.concurrente.LockTest.incrementaContador(LockTest.java:22)
	at kas.concurrente.LockTest.lambda$ejecutaPrueba$0(LockTest.java:38)
	at java.base/java.lang.Thread.run(Thread.java:1623)
Exception in thread "Thread-188" java.lang.UnsupportedOperationException: Unimplemented method 'lock'
	at kas.concurrente.ALock.lock(ALock.java:14)
	at kas.concurrente.Counter.getAndIncrement(LockTest.java:106)
	at kas.concurrente.LockTest.incrementaContador(LockTest.java:22)
	at kas.concurrente.LockTest.lambda$ejecutaPrueba$0(LockTest.java:38)
	at java.base/java.lang.Thread.run(Thread.java:1623)
java.lang.UnsupportedOperationException: Unimplemented method 'lock'
	at kas.concurrente.ALock.lock(ALock.java:14)
	at kas.concurrente.Counter.getAndIncrement(LockTest.java:106)
	at kas.concurrente.LockTest.incrementaContador(LockTest.java:22)
	at kas.concurrente.LockTest.lambda$ejecutaPrueba$0(LockTest.java:38)
	at java.base/java.lang.Thread.run(Thread.java:1623)
Exception in thread "Thread-189" java.lang.UnsupportedOperationException: Unimplemented method 'lock'
	at kas.concurrente.ALock.lock(ALock.java:14)
	at kas.concurrente.Counter.getAndIncrement(LockTest.java:106)
	at kas.concurrente.LockTest.incrementaContador(LockTest.java:22)
	at kas.concurrente.LockTest.lambda$ejecutaPrueba$0(LockTest.java:38)
	at java.base/java.lang.Thread.run(Thread.java:1623)
Exception in thread "Thread-190" java.lang.UnsupportedOperationException: Unimplemented method 'lock'
	at kas.concurrente.ALock.lock(ALock.java:14)
	at kas.concurrente.Counter.getAndIncrement(LockTest.java:106)
	at kas.concurrente.LockTest.incrementaContador(LockTest.java:22)
	at kas.concurrente.LockTest.lambda$ejecutaPrueba$0(LockTest.java:38)
	at java.base/java.lang.Thread.run(Thread.java:1623)
Exception in thread "Thread-191" java.lang.UnsupportedOperationException: Unimplemented method 'lock'
	at kas.concurrente.ALock.lock(ALock.java:14)
	at kas.concurrente.Counter.getAndIncrement(LockTest.java:106)
	at kas.concurrente.LockTest.incrementaContador(LockTest.java:22)
	at kas.concurrente.LockTest.lambda$ejecutaPrueba$0(LockTest.java:38)
	at java.base/java.lang.Thread.run(Thread.java:1623)
Exception in thread "Thread-192" java.lang.UnsupportedOperationException: Unimplemented method 'lock'
	at kas.concurrente.ALock.lock(ALock.java:14)
[...]
	at kas.concurrente.LockTest.incrementaContador(LockTest.java:22)
	at kas.concurrente.LockTest.lambda$ejecutaPrueba$0(LockTest.java:38)
	at java.base/java.lang.Thread.run(Thread.java:1623)
Exception in thread "Thread-255" java.lang.UnsupportedOperationException: Unimplemented method 'lock'
	at kas.concurrente.MCSLock.lock(MCSLock.java:8)
	at kas.concurrente.Counter.getAndIncrement(LockTest.java:106)
	at kas.concurrente.LockTest.incrementaContador(LockTest.java:22)
	at kas.concurrente.LockTest.lambda$ejecutaPrueba$0(LockTest.java:38)
	at java.base/java.lang.Thread.run(Thread.java:1623)
Exception in thread "Thread-258" java.lang.UnsupportedOperationException: Unimplemented method 'lock'
	at kas.concurrente.MCSLock.lock(MCSLock.java:8)
	at kas.concurrente.Counter.getAndIncrement(LockTest.java:106)
	at kas.concurrente.LockTest.incrementaContador(LockTest.java:22)
	at kas.concurrente.LockTest.lambda$ejecutaPrueba$0(LockTest.java:38)
	at java.base/java.lang.Thread.run(Thread.java:1623)
Exception in thread "Thread-259" java.lang.UnsupportedOperationException: Unimplemented method 'lock'
	at kas.concurrente.MCSLock.lock(MCSLock.java:8)
	at kas.concurrente.Counter.getAndIncrement(LockTest.java:106)
	at kas.concurrente.LockTest.incrementaContador(LockTest.java:22)
	at kas.concurrente.LockTest.lambda$ejecutaPrueba$0(LockTest.java:38)
	at java.base/java.lang.Thread.run(Thread.java:1623)
Exception in thread "Thread-260" java.lang.UnsupportedOperationException: Unimplemented method 'lock'
	at kas.concurrente.MCSLock.lock(MCSLock.java:8)
	at kas.concurrente.Counter.getAndIncrement(LockTest.java:106)
	at kas.concurrente.LockTest.incrementaContador(LockTest.java:22)
	at kas.concurrente.LockTest.lambda$ejecutaPrueba$0(LockTest.java:38)
	at java.base/java.lang.Thread.run(Thread.java:1623)
Exception in thread "Thread-261" java.lang.UnsupportedOperationException: Unimplemented method 'lock'
	at kas.concurrente.MCSLock.lock(MCSLock.java:8)
	at kas.concurrente.Counter.getAndIncrement(LockTest.java:106)
	at kas.concurrente.LockTest.incrementaContador(LockTest.java:22)
	at kas.concurrente.LockTest.lambda$ejecutaPrueba$0(LockTest.java:38)
	at java.base/java.lang.Thread.run(Thread.java:1623)
Exception in thread "Thread-262" java.lang.UnsupportedOperationException: Unimplemented method 'lock'
	at kas.concurrente.MCSLock.lock(MCSLock.java:8)
	at kas.concurrente.Counter.getAndIncrement(LockTest.java:106)
	at kas.concurrente.LockTest.incrementaContador(LockTest.java:22)
	at kas.concurrente.LockTest.lambda$ejecutaPrueba$0(LockTest.java:38)
	at java.base/java.lang.Thread.run(Thread.java:1623)
Exception in thread "Thread-263" java.lang.UnsupportedOperationException: Unimplemented method 'lock'
	at kas.concurrente.MCSLock.lock(MCSLock.java:8)
	at kas.concurrente.Counter.getAndIncrement(LockTest.java:106)
	at kas.concurrente.LockTest.incrementaContador(LockTest.java:22)
	at kas.concurrente.LockTest.lambda$ejecutaPrueba$0(LockTest.java:38)
	at java.base/java.lang.Thread.run(Thread.java:1623)
Exception in thread "Thread-264" java.lang.UnsupportedOperationException: Unimplemented method 'lock'
	at kas.concurrente.MCSLock.lock(MCSLock.java:8)
	at kas.concurrente.Counter.getAndIncrement(LockTest.java:106)
	at kas.concurrente.LockTest.incrementaContador(LockTest.java:22)
	at kas.concurrente.LockTest.lambda$ejecutaPrueba$0(LockTest.java:38)
	at java.base/java.lang.Thread.run(Thread.java:1623)
Exception in thread "Thread-266" java.lang.UnsupportedOperationException: Unimplemented method 'lock'
	at kas.concurrente.MCSLock.lock(MCSLock.java:8)
	at kas.concurrente.Counter.getAndIncrement(LockTest.java:106)
	at kas.concurrente.LockTest.incrementaContador(LockTest.java:22)
	at kas.concurrente.LockTest.lambda$ejecutaPrueba$0(LockTest.java:38)
	at java.base/java.lang.Thread.run(Thread.java:1623)
Exception in thread "Thread-265" java.lang.UnsupportedOperationException: Unimplemented method 'lock'
	at kas.concurrente.MCSLock.lock(MCSLock.java:8)
	at kas.concurrente.Counter.getAndIncrement(LockTest.java:106)
	at kas.concurrente.LockTest.incrementaContador(LockTest.java:22)
	at kas.concurrente.LockTest.lambda$ejecutaPrueba$0(LockTest.java:38)
	at java.base/java.lang.Thread.run(Thread.java:1623)
Exception in thread "Thread-268" java.lang.UnsupportedOperationException: Unimplemented method 'lock'
	at kas.concurrente.MCSLock.lock(MCSLock.java:8)
	at kas.concurrente.Counter.getAndIncrement(LockTest.java:106)
	at kas.concurrente.LockTest.incrementaContador(LockTest.java:22)
	at kas.concurrente.LockTest.lambda$ejecutaPrueba$0(LockTest.java:38)
	at java.base/java.lang.Thread.run(Thread.java:1623)
Exception in thread "Thread-267" java.lang.UnsupportedOperationException: Unimplemented method 'lock'
	at kas.concurrente.MCSLock.lock(MCSLock.java:8)
	at kas.concurrente.Counter.getAndIncrement(LockTest.java:106)
	at kas.concurrente.LockTest.incrementaContador(LockTest.java:22)
	at kas.concurrente.LockTest.lambda$ejecutaPrueba$0(LockTest.java:38)
	at java.base/java.lang.Thread.run(Thread.java:1623)
Exception in thread "Thread-269" java.lang.UnsupportedOperationException: Unimplemented method 'lock'
	at kas.concurrente.MCSLock.lock(MCSLock.java:8)
	at kas.concurrente.Counter.getAndIncrement(LockTest.java:106)
	at kas.concurrente.LockTest.incrementaContador(LockTest.java:22)
	at kas.concurrente.LockTest.lambda$ejecutaPrueba$0(LockTest.java:38)
	at java.base/java.lang.Thread.run(Thread.java:1623)
Exception in thread "Thread-270" java.lang.UnsupportedOperationException: Unimplemented method 'lock'
	at kas.concurrente.MCSLock.lock(MCSLock.java:8)
	at kas.concurrente.Counter.getAndIncrement(LockTest.java:106)
	at kas.concurrente.LockTest.incrementaContador(LockTest.java:22)
	at kas.concurrente.LockTest.lambda$ejecutaPrueba$0(LockTest.java:38)
	at java.base/java.lang.Thread.run(Thread.java:1623)
Exception in thread "Thread-271" java.lang.UnsupportedOperationException: Unimplemented method 'lock'
	at kas.concurrente.MCSLock.lock(MCSLock.java:8)
	at kas.concurrente.Counter.getAndIncrement(LockTest.java:106)
	at kas.concurrente.LockTest.incrementaContador(LockTest.java:22)
	at kas.concurrente.LockTest.lambda$ejecutaPrueba$0(LockTest.java:38)
	at java.base/java.lang.Thread.run(Thread.java:1623)
Exception in thread "Thread-272" java.lang.UnsupportedOperationException: Unimplemented method 'lock'
	at kas.concurrente.MCSLock.lock(MCSLock.java:8)
	at kas.concurrente.Counter.getAndIncrement(LockTest.java:106)
	at kas.concurrente.LockTest.incrementaContador(LockTest.java:22)
	at kas.concurrente.LockTest.lambda$ejecutaPrueba$0(LockTest.java:38)
	at java.base/java.lang.Thread.run(Thread.java:1623)
Exception in thread "Thread-274" java.lang.UnsupportedOperationException: Unimplemented method 'lock'
	at kas.concurrente.MCSLock.lock(MCSLock.java:8)
	at kas.concurrente.Counter.getAndIncrement(LockTest.java:106)
	at kas.concurrente.LockTest.incrementaContador(LockTest.java:22)
	at kas.concurrente.LockTest.lambda$ejecutaPrueba$0(LockTest.java:38)
	at java.base/java.lang.Thread.run(Thread.java:1623)
Exception in thread "Thread-273" java.lang.UnsupportedOperationException: Unimplemented method 'lock'
	at kas.concurrente.MCSLock.lock(MCSLock.java:8)
	at kas.concurrente.Counter.getAndIncrement(LockTest.java:106)
	at kas.concurrente.LockTest.incrementaContador(LockTest.java:22)
	at kas.concurrente.LockTest.lambda$ejecutaPrueba$0(LockTest.java:38)
	at java.base/java.lang.Thread.run(Thread.java:1623)
Exception in thread "Thread-275" java.lang.UnsupportedOperationException: Unimplemented method 'lock'
	at kas.concurrente.MCSLock.lock(MCSLock.java:8)
	at kas.concurrente.Counter.getAndIncrement(LockTest.java:106)
	at kas.concurrente.LockTest.incrementaContador(LockTest.java:22)
	at kas.concurrente.LockTest.lambda$ejecutaPrueba$0(LockTest.java:38)
	at java.base/java.lang.Thread.run(Thread.java:1623)
Exception in thread "Thread-276" java.lang.UnsupportedOperationException: Unimplemented method 'lock'
	at kas.concurrente.MCSLock.lock(MCSLock.java:8)
	at kas.concurrente.Counter.getAndIncrement(LockTest.java:106)
	at kas.concurrente.LockTest.incrementaContador(LockTest.java:22)
	at kas.concurrente.LockTest.lambda$ejecutaPrueba$0(LockTest.java:38)
	at java.base/java.lang.Thread.run(Thread.java:1623)
Exception in thread "Thread-277" java.lang.UnsupportedOperationException: Unimplemented method 'lock'
	at kas.concurrente.MCSLock.lock(MCSLock.java:8)
	at kas.concurrente.Counter.getAndIncrement(LockTest.java:106)
	at kas.concurrente.LockTest.incrementaContador(LockTest.java:22)
	at kas.concurrente.LockTest.lambda$ejecutaPrueba$0(LockTest.java:38)
	at java.base/java.lang.Thread.run(Thread.java:1623)
Exception in thread "Thread-278" java.lang.UnsupportedOperationException: Unimplemented method 'lock'
	at kas.concurrente.MCSLock.lock(MCSLock.java:8)
	at kas.concurrente.Counter.getAndIncrement(LockTest.java:106)
	at kas.concurrente.LockTest.incrementaContador(LockTest.java:22)
	at kas.concurrente.LockTest.lambda$ejecutaPrueba$0(LockTest.java:38)
	at java.base/java.lang.Thread.run(Thread.java:1623)
Exception in thread "Thread-279" java.lang.UnsupportedOperationException: Unimplemented method 'lock'
	at kas.concurrente.MCSLock.lock(MCSLock.java:8)
	at kas.concurrente.Counter.getAndIncrement(LockTest.java:106)
	at kas.concurrente.LockTest.incrementaContador(LockTest.java:22)
	at kas.concurrente.LockTest.lambda$ejecutaPrueba$0(LockTest.java:38)
	at java.base/java.lang.Thread.run(Thread.java:1623)
Exception in thread "Thread-280" java.lang.UnsupportedOperationException: Unimplemented method 'lock'
	at kas.concurrente.MCSLock.lock(MCSLock.java:8)
	at kas.concurrente.Counter.getAndIncrement(LockTest.java:106)
	at kas.concurrente.LockTest.incrementaContador(LockTest.java:22)
	at kas.concurrente.LockTest.lambda$ejecutaPrueba$0(LockTest.java:38)
	at java.base/java.lang.Thread.run(Thread.java:1623)
Exception in thread "Thread-281" java.lang.UnsupportedOperationException: Unimplemented method 'lock'
	at kas.concurrente.MCSLock.lock(MCSLock.java:8)
	at kas.concurrente.Counter.getAndIncrement(LockTest.java:106)
	at kas.concurrente.LockTest.incrementaContador(LockTest.java:22)
	at kas.concurrente.LockTest.lambda$ejecutaPrueba$0(LockTest.java:38)
	at java.base/java.lang.Thread.run(Thread.java:1623)
Exception in thread "Thread-282" java.lang.UnsupportedOperationException: Unimplemented method 'lock'
	at kas.concurrente.MCSLock.lock(MCSLock.java:8)
	at kas.concurrente.Counter.getAndIncrement(LockTest.java:106)
	at kas.concurrente.LockTest.incrementaContador(LockTest.java:22)
	at kas.concurrente.LockTest.lambda$ejecutaPrueba$0(LockTest.java:38)
	at java.base/java.lang.Thread.run(Thread.java:1623)
Exception in thread "Thread-283" java.lang.UnsupportedOperationException: Unimplemented method 'lock'
	at kas.concurrente.MCSLock.lock(MCSLock.java:8)
	at kas.concurrente.Counter.getAndIncrement(LockTest.java:106)
	at kas.concurrente.LockTest.incrementaContador(LockTest.java:22)
	at kas.concurrente.LockTest.lambda$ejecutaPrueba$0(LockTest.java:38)
	at java.base/java.lang.Thread.run(Thread.java:1623)
Exception in thread "Thread-284" java.lang.UnsupportedOperationException: Unimplemented method 'lock'
	at kas.concurrente.MCSLock.lock(MCSLock.java:8)
	at kas.concurrente.Counter.getAndIncrement(LockTest.java:106)
	at kas.concurrente.LockTest.incrementaContador(LockTest.java:22)
	at kas.concurrente.LockTest.lambda$ejecutaPrueba$0(LockTest.java:38)
	at java.base/java.lang.Thread.run(Thread.java:1623)
Exception in thread "Thread-285" java.lang.UnsupportedOperationException: Unimplemented method 'lock'
	at kas.concurrente.MCSLock.lock(MCSLock.java:8)
	at kas.concurrente.Counter.getAndIncrement(LockTest.java:106)
	at kas.concurrente.LockTest.incrementaContador(LockTest.java:22)
	at kas.concurrente.LockTest.lambda$ejecutaPrueba$0(LockTest.java:38)
	at java.base/java.lang.Thread.run(Thread.java:1623)
Exception in thread "Thread-286" java.lang.UnsupportedOperationException: Unimplemented method 'lock'
	at kas.concurrente.MCSLock.lock(MCSLock.java:8)
	at kas.concurrente.Counter.getAndIncrement(LockTest.java:106)
	at kas.concurrente.LockTest.incrementaContador(LockTest.java:22)
	at kas.concurrente.LockTest.lambda$ejecutaPrueba$0(LockTest.java:38)
	at java.base/java.lang.Thread.run(Thread.java:1623)
Exception in thread "Thread-287" java.lang.UnsupportedOperationException: Unimplemented method 'lock'
	at kas.concurrente.MCSLock.lock(MCSLock.java:8)
	at kas.concurrente.Counter.getAndIncrement(LockTest.java:106)
	at kas.concurrente.LockTest.incrementaContador(LockTest.java:22)
	at kas.concurrente.LockTest.lambda$ejecutaPrueba$0(LockTest.java:38)
	at java.base/java.lang.Thread.run(Thread.java:1623)
Exception in thread "Thread-288" java.lang.UnsupportedOperationException: Unimplemented method 'lock'
	at kas.concurrente.MCSLock.lock(MCSLock.java:8)
	at kas.concurrente.Counter.getAndIncrement(LockTest.java:106)
	at kas.concurrente.LockTest.incrementaContador(LockTest.java:22)
	at kas.concurrente.LockTest.lambda$ejecutaPrueba$0(LockTest.java:38)
	at java.base/java.lang.Thread.run(Thread.java:1623)
Exception in thread "Thread-289" java.lang.UnsupportedOperationException: Unimplemented method 'lock'
	at kas.concurrente.MCSLock.lock(MCSLock.java:8)
	at kas.concurrente.Counter.getAndIncrement(LockTest.java:106)
	at kas.concurrente.LockTest.incrementaContador(LockTest.java:22)
	at kas.concurrente.LockTest.lambda$ejecutaPrueba$0(LockTest.java:38)
	at java.base/java.lang.Thread.run(Thread.java:1623)
Exception in thread "Thread-291" java.lang.UnsupportedOperationException: Unimplemented method 'lock'
	at kas.concurrente.MCSLock.lock(MCSLock.java:8)
	at kas.concurrente.Counter.getAndIncrement(LockTest.java:106)
	at kas.concurrente.LockTest.incrementaContador(LockTest.java:22)
	at kas.concurrente.LockTest.lambda$ejecutaPrueba$0(LockTest.java:38)
	at java.base/java.lang.Thread.run(Thread.java:1623)
Exception in thread "Thread-290" java.lang.UnsupportedOperationException: Unimplemented method 'lock'
	at kas.concurrente.MCSLock.lock(MCSLock.java:8)
	at kas.concurrente.Counter.getAndIncrement(LockTest.java:106)
	at kas.concurrente.LockTest.incrementaContador(LockTest.java:22)
	at kas.concurrente.LockTest.lambda$ejecutaPrueba$0(LockTest.java:38)
	at java.base/java.lang.Thread.run(Thread.java:1623)
Exception in thread "Thread-293" java.lang.UnsupportedOperationException: Unimplemented method 'lock'
	at kas.concurrente.MCSLock.lock(MCSLock.java:8)
	at kas.concurrente.Counter.getAndIncrement(LockTest.java:106)
	at kas.concurrente.LockTest.incrementaContador(LockTest.java:22)
	at kas.concurrente.LockTest.lambda$ejecutaPrueba$0(LockTest.java:38)
	at java.base/java.lang.Thread.run(Thread.java:1623)
Exception in thread "Thread-292" java.lang.UnsupportedOperationException: Unimplemented method 'lock'
	at kas.concurrente.MCSLock.lock(MCSLock.java:8)
	at kas.concurrente.Counter.getAndIncrement(LockTest.java:106)
	at kas.concurrente.LockTest.incrementaContador(LockTest.java:22)
	at kas.concurrente.LockTest.lambda$ejecutaPrueba$0(LockTest.java:38)
	at java.base/java.lang.Thread.run(Thread.java:1623)
Exception in thread "Thread-295" java.lang.UnsupportedOperationException: Unimplemented method 'lock'
	at kas.concurrente.MCSLock.lock(MCSLock.java:8)
	at kas.concurrente.Counter.getAndIncrement(LockTest.java:106)
	at kas.concurrente.LockTest.incrementaContador(LockTest.java:22)
	at kas.concurrente.LockTest.lambda$ejecutaPrueba$0(LockTest.java:38)
	at java.base/java.lang.Thread.run(Thread.java:1623)
Exception in thread "Thread-294" java.lang.UnsupportedOperationException: Unimplemented method 'lock'
	at kas.concurrente.MCSLock.lock(MCSLock.java:8)
	at kas.concurrente.Counter.getAndIncrement(LockTest.java:106)
	at kas.concurrente.LockTest.incrementaContador(LockTest.java:22)
	at kas.concurrente.LockTest.lambda$ejecutaPrueba$0(LockTest.java:38)
	at java.base/java.lang.Thread.run(Thread.java:1623)
Exception in thread "Thread-296" java.lang.UnsupportedOperationException: Unimplemented method 'lock'
	at kas.concurrente.MCSLock.lock(MCSLock.java:8)
	at kas.concurrente.Counter.getAndIncrement(LockTest.java:106)
	at kas.concurrente.LockTest.incrementaContador(LockTest.java:22)
	at kas.concurrente.LockTest.lambda$ejecutaPrueba$0(LockTest.java:38)
	at java.base/java.lang.Thread.run(Thread.java:1623)
Exception in thread "Thread-298" java.lang.UnsupportedOperationException: Unimplemented method 'lock'
	at kas.concurrente.MCSLock.lock(MCSLock.java:8)
	at kas.concurrente.Counter.getAndIncrement(LockTest.java:106)
	at kas.concurrente.LockTest.incrementaContador(LockTest.java:22)
	at kas.concurrente.LockTest.lambda$ejecutaPrueba$0(LockTest.java:38)
	at java.base/java.lang.Thread.run(Thread.java:1623)
Exception in thread "Thread-297" java.lang.UnsupportedOperationException: Unimplemented method 'lock'
	at kas.concurrente.MCSLock.lock(MCSLock.java:8)
	at kas.concurrente.Counter.getAndIncrement(LockTest.java:106)
	at kas.concurrente.LockTest.incrementaContador(LockTest.java:22)
	at kas.concurrente.LockTest.lambda$ejecutaPrueba$0(LockTest.java:38)
	at java.base/java.lang.Thread.run(Thread.java:1623)
Exception in thread "Thread-299" java.lang.UnsupportedOperationException: Unimplemented method 'lock'
	at kas.concurrente.MCSLock.lock(MCSLock.java:8)
	at kas.concurrente.Counter.getAndIncrement(LockTest.java:106)
	at kas.concurrente.LockTest.incrementaContador(LockTest.java:22)
	at kas.concurrente.LockTest.lambda$ejecutaPrueba$0(LockTest.java:38)
	at java.base/java.lang.Thread.run(Thread.java:1623)
Exception in thread "Thread-300" java.lang.UnsupportedOperationException: Unimplemented method 'lock'
	at kas.concurrente.MCSLock.lock(MCSLock.java:8)
	at kas.concurrente.Counter.getAndIncrement(LockTest.java:106)
	at kas.concurrente.LockTest.incrementaContador(LockTest.java:22)
	at kas.concurrente.LockTest.lambda$ejecutaPrueba$0(LockTest.java:38)
	at java.base/java.lang.Thread.run(Thread.java:1623)
Exception in thread "Thread-301" java.lang.UnsupportedOperationException: Unimplemented method 'lock'
	at kas.concurrente.MCSLock.lock(MCSLock.java:8)
	at kas.concurrente.Counter.getAndIncrement(LockTest.java:106)
	at kas.concurrente.LockTest.incrementaContador(LockTest.java:22)
	at kas.concurrente.LockTest.lambda$ejecutaPrueba$0(LockTest.java:38)
	at java.base/java.lang.Thread.run(Thread.java:1623)
Exception in thread "Thread-302" java.lang.UnsupportedOperationException: Unimplemented method 'lock'
	at kas.concurrente.MCSLock.lock(MCSLock.java:8)
	at kas.concurrente.Counter.getAndIncrement(LockTest.java:106)
	at kas.concurrente.LockTest.incrementaContador(LockTest.java:22)
	at kas.concurrente.LockTest.lambda$ejecutaPrueba$0(LockTest.java:38)
	at java.base/java.lang.Thread.run(Thread.java:1623)
Exception in thread "Thread-303" java.lang.UnsupportedOperationException: Unimplemented method 'lock'
	at kas.concurrente.MCSLock.lock(MCSLock.java:8)
	at kas.concurrente.Counter.getAndIncrement(LockTest.java:106)
	at kas.concurrente.LockTest.incrementaContador(LockTest.java:22)
	at kas.concurrente.LockTest.lambda$ejecutaPrueba$0(LockTest.java:38)
	at java.base/java.lang.Thread.run(Thread.java:1623)
Exception in thread "Thread-305" java.lang.UnsupportedOperationException: Unimplemented method 'lock'
	at kas.concurrente.MCSLock.lock(MCSLock.java:8)
	at kas.concurrente.Counter.getAndIncrement(LockTest.java:106)
	at kas.concurrente.LockTest.incrementaContador(LockTest.java:22)
	at kas.concurrente.LockTest.lambda$ejecutaPrueba$0(LockTest.java:38)
	at java.base/java.lang.Thread.run(Thread.java:1623)
Exception in thread "Thread-304" java.lang.UnsupportedOperationException: Unimplemented method 'lock'
	at kas.concurrente.MCSLock.lock(MCSLock.java:8)
	at kas.concurrente.Counter.getAndIncrement(LockTest.java:106)
	at kas.concurrente.LockTest.incrementaContador(LockTest.java:22)
	at kas.concurrente.LockTest.lambda$ejecutaPrueba$0(LockTest.java:38)
	at java.base/java.lang.Thread.run(Thread.java:1623)
]]></system-err>
  </testcase>
</testsuite>